<?xml version="1.0" encoding="utf-8"?>
<TestRun id="e463c884-47bd-482b-b23a-dd3774a52988" name="@MacBook-Pro-de-Javier-2 2026-09-05 20:45:24" xmlns="http://microsoft.com/schemas/VisualStudio/TeamTest/2010">
  <Times creation="2026-09-05T20:45:24.5809100+02:00" queuing="2026-09-05T20:45:24.5809100+02:00" start="2026-09-05T20:45:23.7053530+02:00" finish="2026-09-05T20:45:35.0268190+02:00" />
  <TestSettings name="default" id="18f04ca7-dc6e-48fa-8076-c9ab5544ede4">
    <Deployment runDeploymentRoot="_MacBook-Pro-de-Javier-2_2026-09-05_20_45_24" />
  </TestSettings>
  <Results>
    <UnitTestResult executionId="978b7365-0097-40df-bff0-00567e96db75" testId="5f344ae1-713f-c237-09d2-91461b3f213d" testName="Cupertino.Avalonia.Tests.InteractionTests.Slider_live_lens_clips_and_changes_fill_at_both_endpoints" computerName="MacBook-Pro-de-Javier-2" duration="00:00:00.0008716" startTime="2026-09-05T20:45:33.3865630+02:00" endTime="2026-09-05T20:45:33.3874500+02:00" testType="13cdc9d9-ddb5-4fa4-a97d-d965ccfc6d4b" outcome="Passed" testListId="8c84fa94-04c1-424b-9868-57a2d4851a1d" relativeResultsDirectory="978b7365-0097-40df-bff0-00567e96db75" />
    <UnitTestResult executionId="33fd893e-d919-4658-8b38-a6ced12048de" testId="7cc5e769-6f17-4044-0c66-400dec422b54" testName="Cupertino.Avalonia.Tests.DialogTests.Dialogs_own_independent_default_action_collections" computerName="MacBook-Pro-de-Javier-2" duration="00:00:00.0007757" startTime="2026-09-05T20:45:30.1744030+02:00" endTime="2026-09-05T20:45:30.1751930+02:00" testType="13cdc9d9-ddb5-4fa4-a97d-d965ccfc6d4b" outcome="Passed" testListId="8c84fa94-04c1-424b-9868-57a2d4851a1d" relativeResultsDirectory="33fd893e-d919-4658-8b38-a6ced12048de" />
    <UnitTestResult executionId="ba119116-db94-4272-9ba7-714e2760b2ec" testId="57805998-8d7a-cc4b-0394-0bf311347938" testName="Cupertino.Avalonia.Tests.SheetTests.Scrim_tap_dismisses_and_completes" computerName="MacBook-Pro-de-Javier-2" duration="00:00:00.0376977" startTime="2026-09-05T20:45:26.2554840+02:00" endTime="2026-09-05T20:45:26.2932400+02:00" testType="13cdc9d9-ddb5-4fa4-a97d-d965ccfc6d4b" outcome="Passed" testListId="8c84fa94-04c1-424b-9868-57a2d4851a1d" relativeResultsDirectory="ba119116-db94-4272-9ba7-714e2760b2ec" />
    <UnitTestResult executionId="d731ae21-a92f-4c52-9f2c-c2e8f8654b78" testId="92ebef16-199d-3afe-3f3f-f124956f1f04" testName="Cupertino.Avalonia.Tests.NewPrimitiveTests.List_and_form_rows_build_their_cupertino_templates" computerName="MacBook-Pro-de-Javier-2" duration="00:00:00.0012968" startTime="2026-09-05T20:45:30.9644280+02:00" endTime="2026-09-05T20:45:30.9657400+02:00" testType="13cdc9d9-ddb5-4fa4-a97d-d965ccfc6d4b" outcome="Passed" testListId="8c84fa94-04c1-424b-9868-57a2d4851a1d" relativeResultsDirectory="d731ae21-a92f-4c52-9f2c-c2e8f8654b78" />
    <UnitTestResult executionId="311a1143-6d06-4d60-afc8-ca8f9192fc92" testId="21587fdc-0913-ab4b-4f28-7aace71025a9" testName="Cupertino.Avalonia.Tests.BoundaryAndCollectionTests.Popover_takes_keyboard_focus_and_escape_restores_the_anchor" computerName="MacBook-Pro-de-Javier-2" duration="00:00:00.0468875" startTime="2026-09-05T20:45:34.1027410+02:00" endTime="2026-09-05T20:45:34.1496460+02:00" testType="13cdc9d9-ddb5-4fa4-a97d-d965ccfc6d4b" outcome="Passed" testListId="8c84fa94-04c1-424b-9868-57a2d4851a1d" relativeResultsDirectory="311a1143-6d06-4d60-afc8-ca8f9192fc92" />
    <UnitTestResult executionId="a4b0a705-c1d0-4c5d-8325-828b1fa61303" testId="f241a072-adbe-532c-c908-5a1092931810" testName="Cupertino.Avalonia.Tests.NavigationPageTests.PopToRoot_unwinds_a_deep_stack" computerName="MacBook-Pro-de-Javier-2" duration="00:00:00.0060318" startTime="2026-09-05T20:45:28.7542030+02:00" endTime="2026-09-05T20:45:28.7602580+02:00" testType="13cdc9d9-ddb5-4fa4-a97d-d965ccfc6d4b" outcome="Passed" testListId="8c84fa94-04c1-424b-9868-57a2d4851a1d" relativeResultsDirectory="a4b0a705-c1d0-4c5d-8325-828b1fa61303" />
    <UnitTestResult executionId="abb5dbe0-de29-4c8f-944f-beca0c67d494" testId="e3e875bf-1ffc-d67f-bca1-eabd06761a9a" testName="Cupertino.Avalonia.Tests.NavigationPageTests.The_back_button_is_a_bare_chevron" computerName="MacBook-Pro-de-Javier-2" duration="00:00:00.0030247" startTime="2026-09-05T20:45:27.6602400+02:00" endTime="2026-09-05T20:45:27.6632870+02:00" testType="13cdc9d9-ddb5-4fa4-a97d-d965ccfc6d4b" outcome="Passed" testListId="8c84fa94-04c1-424b-9868-57a2d4851a1d" relativeResultsDirectory="abb5dbe0-de29-4c8f-944f-beca0c67d494" />
    <UnitTestResult executionId="f35839e4-4a64-423a-a1d1-f5002c0e7329" testId="6a4e1733-eaa1-3e41-eb15-4847a3f8c5b1" testName="Cupertino.Avalonia.Tests.ButtonFamilyTests.A_hyperlink_button_has_no_capsule" computerName="MacBook-Pro-de-Javier-2" duration="00:00:00.0011397" startTime="2026-09-05T20:45:30.3253550+02:00" endTime="2026-09-05T20:45:30.3265060+02:00" testType="13cdc9d9-ddb5-4fa4-a97d-d965ccfc6d4b" outcome="Passed" testListId="8c84fa94-04c1-424b-9868-57a2d4851a1d" relativeResultsDirectory="f35839e4-4a64-423a-a1d1-f5002c0e7329" />
    <UnitTestResult executionId="334bd0b7-f21b-4cff-aaf5-68f4623a797d" testId="a2efc90f-c0fc-97a7-2240-f0308a9f77e6" testName="Cupertino.Avalonia.Tests.ThemeIntegrityTests.Search_field_is_distinguishable_from_the_card_behind_it(variantName: &quot;Dark&quot;)" computerName="MacBook-Pro-de-Javier-2" duration="00:00:00.0001099" startTime="2026-09-05T20:45:34.3187190+02:00" endTime="2026-09-05T20:45:34.3188380+02:00" testType="13cdc9d9-ddb5-4fa4-a97d-d965ccfc6d4b" outcome="Passed" testListId="8c84fa94-04c1-424b-9868-57a2d4851a1d" relativeResultsDirectory="334bd0b7-f21b-4cff-aaf5-68f4623a797d" />
    <UnitTestResult executionId="a17f407d-4bcc-4296-858e-4b8de8cab3db" testId="107f06b4-7b01-fcd3-a276-d319ff784fd1" testName="Cupertino.Avalonia.Tests.NavigationScrollTests.A_pushed_page_swaps_the_scroller" computerName="MacBook-Pro-de-Javier-2" duration="00:00:00.4117867" startTime="2026-09-05T20:45:26.4167760+02:00" endTime="2026-09-05T20:45:26.8286130+02:00" testType="13cdc9d9-ddb5-4fa4-a97d-d965ccfc6d4b" outcome="Passed" testListId="8c84fa94-04c1-424b-9868-57a2d4851a1d" relativeResultsDirectory="a17f407d-4bcc-4296-858e-4b8de8cab3db" />
    <UnitTestResult executionId="6edff5a7-b90d-430f-b723-d6f434bf6589" testId="592320bc-b9c5-9931-815e-7c726125b845" testName="Cupertino.Avalonia.Tests.AuditRegressionTests.Full_swipe_does_not_invoke_a_disabled_action" computerName="MacBook-Pro-de-Javier-2" duration="00:00:00.0016419" startTime="2026-09-05T20:45:33.9769040+02:00" endTime="2026-09-05T20:45:33.9785610+02:00" testType="13cdc9d9-ddb5-4fa4-a97d-d965ccfc6d4b" outcome="Passed" testListId="8c84fa94-04c1-424b-9868-57a2d4851a1d" relativeResultsDirectory="6edff5a7-b90d-430f-b723-d6f434bf6589" />
    <UnitTestResult executionId="6ff83e2f-8422-4acd-8a04-0fee44a1f11d" testId="18a9a661-41c8-7850-434c-adaa15c93662" testName="Cupertino.Avalonia.Tests.AuditLifecycleTests.Abandoned_restore_releases_factory_pages(throwFromFactory: True)" computerName="MacBook-Pro-de-Javier-2" duration="00:00:00.0011701" startTime="2026-09-05T20:45:33.9705380+02:00" endTime="2026-09-05T20:45:33.9717260+02:00" testType="13cdc9d9-ddb5-4fa4-a97d-d965ccfc6d4b" outcome="Passed" testListId="8c84fa94-04c1-424b-9868-57a2d4851a1d" relativeResultsDirectory="6ff83e2f-8422-4acd-8a04-0fee44a1f11d" />
    <UnitTestResult executionId="c552984c-5c20-4ae2-929a-a7128d4a11c4" testId="f005018a-a4b6-c3c8-cfc8-ab728a4b18d5" testName="Cupertino.Avalonia.Tests.ThemeIntegrityTests.Carousel_native_swipe_recognizer_accepts_mouse_drag" computerName="MacBook-Pro-de-Javier-2" duration="00:00:00.0028059" startTime="2026-09-05T20:45:34.9553390+02:00" endTime="2026-09-05T20:45:34.9581630+02:00" testType="13cdc9d9-ddb5-4fa4-a97d-d965ccfc6d4b" outcome="Passed" testListId="8c84fa94-04c1-424b-9868-57a2d4851a1d" relativeResultsDirectory="c552984c-5c20-4ae2-929a-a7128d4a11c4" />
    <UnitTestResult executionId="f64413b9-bb9b-4833-ab77-2c91e5374429" testId="fab08960-ad27-a2ec-4920-3d1c0995bc77" testName="Cupertino.Avalonia.Tests.PickerCompletenessTests.Popover_animation_preserves_content_and_reverses_before_closing" computerName="MacBook-Pro-de-Javier-2" duration="00:00:00.6740982" startTime="2026-09-05T20:45:29.4862670+02:00" endTime="2026-09-05T20:45:30.1603980+02:00" testType="13cdc9d9-ddb5-4fa4-a97d-d965ccfc6d4b" outcome="Passed" testListId="8c84fa94-04c1-424b-9868-57a2d4851a1d" relativeResultsDirectory="f64413b9-bb9b-4833-ab77-2c91e5374429" />
    <UnitTestResult executionId="f2132f50-6c98-4f0a-888d-edba63727022" testId="f7bdb563-5434-de2f-ba57-9ab6849644f5" testName="Cupertino.Avalonia.Tests.ButtonInteractionTests.A_split_button_chevron_opens_its_flyout" computerName="MacBook-Pro-de-Javier-2" duration="00:00:00.0093175" startTime="2026-09-05T20:45:30.2289320+02:00" endTime="2026-09-05T20:45:30.2382720+02:00" testType="13cdc9d9-ddb5-4fa4-a97d-d965ccfc6d4b" outcome="Passed" testListId="8c84fa94-04c1-424b-9868-57a2d4851a1d" relativeResultsDirectory="f2132f50-6c98-4f0a-888d-edba63727022" />
    <UnitTestResult executionId="9b0081a9-06be-4210-8da9-d62d791ca13d" testId="1b6d9e35-66a0-e52a-2554-4928714e18c7" testName="Cupertino.Avalonia.Tests.ThemeCoverageTests.Every_styled_control_resolves_a_cupertino_theme(type: typeof(Avalonia.Controls.FlyoutPresenter))" computerName="MacBook-Pro-de-Javier-2" duration="00:00:00.0003902" startTime="2026-09-05T20:45:34.0945670+02:00" endTime="2026-09-05T20:45:34.0949670+02:00" testType="13cdc9d9-ddb5-4fa4-a97d-d965ccfc6d4b" outcome="Passed" testListId="8c84fa94-04c1-424b-9868-57a2d4851a1d" relativeResultsDirectory="9b0081a9-06be-4210-8da9-d62d791ca13d">
      <Output>
        <StdOut>FlyoutPresenter: template built = True</StdOut>
      </Output>
    </UnitTestResult>
    <UnitTestResult executionId="1e0e1bf7-8073-40a6-bfa2-f69d40474a21" testId="b8e87c29-9ecd-fee0-5e79-70b118646499" testName="Cupertino.Avalonia.Tests.NavigationCollapseCurveTests.The_handover_points_hold(offset: 32, large: 0,25, inline: 0)" computerName="MacBook-Pro-de-Javier-2" duration="00:00:00.0006956" startTime="2026-09-05T20:45:33.3978610+02:00" endTime="2026-09-05T20:45:33.3985750+02:00" testType="13cdc9d9-ddb5-4fa4-a97d-d965ccfc6d4b" outcome="Passed" testListId="8c84fa94-04c1-424b-9868-57a2d4851a1d" relativeResultsDirectory="1e0e1bf7-8073-40a6-bfa2-f69d40474a21" />
    <UnitTestResult executionId="2b9e2363-aefe-4900-af28-ccf215016756" testId="109d72fa-194b-10a3-7300-96f0171e0b94" testName="Cupertino.Avalonia.Tests.CalendarTests.The_grid_scales_from_a_square_cell" computerName="MacBook-Pro-de-Javier-2" duration="00:00:00.0062848" startTime="2026-09-05T20:45:26.8294680+02:00" endTime="2026-09-05T20:45:26.8357790+02:00" testType="13cdc9d9-ddb5-4fa4-a97d-d965ccfc6d4b" outcome="Passed" testListId="8c84fa94-04c1-424b-9868-57a2d4851a1d" relativeResultsDirectory="2b9e2363-aefe-4900-af28-ccf215016756" />
    <UnitTestResult executionId="37e0e87a-79f0-4131-9d9a-831d48a38df8" testId="496b982c-075a-4d4e-a018-64db16124acb" testName="Cupertino.Avalonia.Tests.BoundaryAndCollectionTests.Date_picker_template_preserves_dates_outside_the_default_calendar_year_range(year: 1750, mode: Compact)" computerName="MacBook-Pro-de-Javier-2" duration="00:00:00.0005386" startTime="2026-09-05T20:45:33.9694300+02:00" endTime="2026-09-05T20:45:33.9699780+02:00" testType="13cdc9d9-ddb5-4fa4-a97d-d965ccfc6d4b" outcome="Passed" testListId="8c84fa94-04c1-424b-9868-57a2d4851a1d" relativeResultsDirectory="37e0e87a-79f0-4131-9d9a-831d48a38df8" />
    <UnitTestResult executionId="ad873af6-9377-4800-868a-f87e4976d432" testId="6f4626d6-b7af-f971-ba06-8c91f99a1d92" testName="Cupertino.Avalonia.Tests.ToolbarTests.Adding_a_spacer_after_template_rebuilds_the_capsules" computerName="MacBook-Pro-de-Javier-2" duration="00:00:00.0009575" startTime="2026-09-05T20:45:30.9452950+02:00" endTime="2026-09-05T20:45:30.9462780+02:00" testType="13cdc9d9-ddb5-4fa4-a97d-d965ccfc6d4b" outcome="Passed" testListId="8c84fa94-04c1-424b-9868-57a2d4851a1d" relativeResultsDirectory="ad873af6-9377-4800-868a-f87e4976d432" />
    <UnitTestResult executionId="76217c21-8213-444b-9588-b038e17bbb75" testId="9ef29261-fce2-3d22-f9a8-6a1605a27727" testName="Cupertino.Avalonia.Tests.NavigationBarTests.An_inline_bar_is_shorter_and_always_shows_its_title" computerName="MacBook-Pro-de-Javier-2" duration="00:00:00.0006870" startTime="2026-09-05T20:45:31.2668370+02:00" endTime="2026-09-05T20:45:31.2675370+02:00" testType="13cdc9d9-ddb5-4fa4-a97d-d965ccfc6d4b" outcome="Passed" testListId="8c84fa94-04c1-424b-9868-57a2d4851a1d" relativeResultsDirectory="76217c21-8213-444b-9588-b038e17bbb75" />
    <UnitTestResult executionId="4dc3e461-4449-4e5b-b4a4-5beeb442f1fb" testId="9885f678-6efc-0804-10c0-fa21ae1361cc" testName="Cupertino.Avalonia.Tests.ThemeIntegrityTests.Five_item_bottom_strip_fits_a_phone_width" computerName="MacBook-Pro-de-Javier-2" duration="00:00:00.0011183" startTime="2026-09-05T20:45:34.8876480+02:00" endTime="2026-09-05T20:45:34.8887750+02:00" testType="13cdc9d9-ddb5-4fa4-a97d-d965ccfc6d4b" outcome="Passed" testListId="8c84fa94-04c1-424b-9868-57a2d4851a1d" relativeResultsDirectory="4dc3e461-4449-4e5b-b4a4-5beeb442f1fb" />
    <UnitTestResult executionId="5073a809-aebd-425b-90e6-d6352c0d66ff" testId="6a70f30c-91fd-030c-eb88-d27462ea301b" testName="Cupertino.Avalonia.Tests.ThemeIntegrityTests.Adjacent_bottom_bar_surfaces_do_not_overlap(useStrip: True, itemCount: 2)" computerName="MacBook-Pro-de-Javier-2" duration="00:00:00.0009692" startTime="2026-09-05T20:45:34.0335920+02:00" endTime="2026-09-05T20:45:34.0345760+02:00" testType="13cdc9d9-ddb5-4fa4-a97d-d965ccfc6d4b" outcome="Passed" testListId="8c84fa94-04c1-424b-9868-57a2d4851a1d" relativeResultsDirectory="5073a809-aebd-425b-90e6-d6352c0d66ff" />
    <UnitTestResult executionId="5caab799-23db-445e-a822-bac10ae5af4d" testId="964e09f7-8545-3e63-a671-4f3eb949c798" testName="Cupertino.Avalonia.Tests.AuditRegressionTests.Full_swipe_executes_bound_command" computerName="MacBook-Pro-de-Javier-2" duration="00:00:00.0013817" startTime="2026-09-05T20:45:34.3052250+02:00" endTime="2026-09-05T20:45:34.3066210+02:00" testType="13cdc9d9-ddb5-4fa4-a97d-d965ccfc6d4b" outcome="Passed" testListId="8c84fa94-04c1-424b-9868-57a2d4851a1d" relativeResultsDirectory="5caab799-23db-445e-a822-bac10ae5af4d" />
    <UnitTestResult executionId="d7df21d0-e7f6-4c41-bdaf-bd559dd96896" testId="873fcf35-24a7-f79a-77a4-150509f9b4e1" testName="Cupertino.Avalonia.Tests.ThemeIntegrityTests.The_type_ramp_classes_set_their_sizes(cls: &quot;title3&quot;, size: 20)" computerName="MacBook-Pro-de-Javier-2" duration="00:00:00.0072200" startTime="2026-09-05T20:45:31.3105900+02:00" endTime="2026-09-05T20:45:31.3178330+02:00" testType="13cdc9d9-ddb5-4fa4-a97d-d965ccfc6d4b" outcome="Passed" testListId="8c84fa94-04c1-424b-9868-57a2d4851a1d" relativeResultsDirectory="d7df21d0-e7f6-4c41-bdaf-bd559dd96896" />
    <UnitTestResult executionId="537c5891-1fbc-45ba-8a86-c15a0cdc2564" testId="1e08e39e-746f-86ac-e7a0-ba54b06600aa" testName="Cupertino.Avalonia.Tests.AccessibilityAndDirectionTests.New_controls_layout_across_theme_direction_and_scale(themeName: &quot;Dark&quot;, directionName: &quot;LeftToRight&quot;, scale: 1,3500000000000001)" computerName="MacBook-Pro-de-Javier-2" duration="00:00:00.1009399" startTime="2026-09-05T20:45:24.9303690+02:00" endTime="2026-09-05T20:45:25.0313530+02:00" testType="13cdc9d9-ddb5-4fa4-a97d-d965ccfc6d4b" outcome="Passed" testListId="8c84fa94-04c1-424b-9868-57a2d4851a1d" relativeResultsDirectory="537c5891-1fbc-45ba-8a86-c15a0cdc2564" />
    <UnitTestResult executionId="f624e067-77bd-40a2-8be8-285f0259e9a3" testId="62e33a84-525d-a2e0-7cd7-b549031d1163" testName="Cupertino.Avalonia.Tests.ThemeIntegrityTests.Bottom_tab_bar_fits_common_phone_widths(itemCount: 5, width: 375)" computerName="MacBook-Pro-de-Javier-2" duration="00:00:00.0008162" startTime="2026-09-05T20:45:34.9008570+02:00" endTime="2026-09-05T20:45:34.9016800+02:00" testType="13cdc9d9-ddb5-4fa4-a97d-d965ccfc6d4b" outcome="Passed" testListId="8c84fa94-04c1-424b-9868-57a2d4851a1d" relativeResultsDirectory="f624e067-77bd-40a2-8be8-285f0259e9a3" />
    <UnitTestResult executionId="0766fdf5-79b9-4c60-9659-323fb31fd69b" testId="c9f7e522-eedd-d8b8-abbc-812a1e37c690" testName="Cupertino.Avalonia.Tests.SheetTests.Sheet_presents_at_medium_detent" computerName="MacBook-Pro-de-Javier-2" duration="00:00:00.0092742" startTime="2026-09-05T20:45:27.5186990+02:00" endTime="2026-09-05T20:45:27.5280010+02:00" testType="13cdc9d9-ddb5-4fa4-a97d-d965ccfc6d4b" outcome="Passed" testListId="8c84fa94-04c1-424b-9868-57a2d4851a1d" relativeResultsDirectory="0766fdf5-79b9-4c60-9659-323fb31fd69b" />
    <UnitTestResult executionId="c665b693-be23-4e4d-aa55-23a899ae141d" testId="4937c6fb-829a-ca1a-3868-4b47a563ecf8" testName="Cupertino.Avalonia.Tests.ThemeIntegrityTests.ComboBox_shows_placeholder_until_an_item_is_selected(variantName: &quot;Light&quot;)" computerName="MacBook-Pro-de-Javier-2" duration="00:00:00.0005515" startTime="2026-09-05T20:45:34.9353670+02:00" endTime="2026-09-05T20:45:34.9359300+02:00" testType="13cdc9d9-ddb5-4fa4-a97d-d965ccfc6d4b" outcome="Passed" testListId="8c84fa94-04c1-424b-9868-57a2d4851a1d" relativeResultsDirectory="c665b693-be23-4e4d-aa55-23a899ae141d" />
    <UnitTestResult executionId="51b24262-758b-4bd4-a93e-12eb32a09af8" testId="7a49e808-8862-193d-a2be-e0fc68031646" testName="Cupertino.Avalonia.Tests.BoundaryAndCollectionTests.Date_time_limits_are_compared_in_the_selected_offset" computerName="MacBook-Pro-de-Javier-2" duration="00:00:00.0002616" startTime="2026-09-05T20:45:33.1542540+02:00" endTime="2026-09-05T20:45:33.1545340+02:00" testType="13cdc9d9-ddb5-4fa4-a97d-d965ccfc6d4b" outcome="Passed" testListId="8c84fa94-04c1-424b-9868-57a2d4851a1d" relativeResultsDirectory="51b24262-758b-4bd4-a93e-12eb32a09af8" />
    <UnitTestResult executionId="e9e42b4e-2618-4b86-97dd-68f611488aea" testId="ff0f432f-b06a-0be1-aac3-08a3117728c3" testName="Cupertino.Avalonia.Tests.NavigationGestureTests.An_edge_swipe_past_halfway_pops" computerName="MacBook-Pro-de-Javier-2" duration="00:00:00.0141283" startTime="2026-09-05T20:45:27.5967120+02:00" endTime="2026-09-05T20:45:27.6108700+02:00" testType="13cdc9d9-ddb5-4fa4-a97d-d965ccfc6d4b" outcome="Passed" testListId="8c84fa94-04c1-424b-9868-57a2d4851a1d" relativeResultsDirectory="e9e42b4e-2618-4b86-97dd-68f611488aea" />
    <UnitTestResult executionId="3b6a5a07-23d3-40d5-8fae-0081fc39dbd3" testId="1565d9c9-1a9c-4c5b-1069-7d82da97dd68" testName="Cupertino.Avalonia.Tests.ThemeCoverageTests.Every_styled_control_resolves_a_cupertino_theme(type: typeof(Avalonia.Controls.ToggleSplitButton))" computerName="MacBook-Pro-de-Javier-2" duration="00:00:00.0007248" startTime="2026-09-05T20:45:34.9217940+02:00" endTime="2026-09-05T20:45:34.9225290+02:00" testType="13cdc9d9-ddb5-4fa4-a97d-d965ccfc6d4b" outcome="Passed" testListId="8c84fa94-04c1-424b-9868-57a2d4851a1d" relativeResultsDirectory="3b6a5a07-23d3-40d5-8fae-0081fc39dbd3">
      <Output>
        <StdOut>ToggleSplitButton: template built = True</StdOut>
      </Output>
    </UnitTestResult>
    <UnitTestResult executionId="4ac0967f-def2-47e2-908c-a21f597ada00" testId="bbb25057-6d31-74d3-e5a5-ff18f62218de" testName="Cupertino.Avalonia.Tests.NavigationTitleCentringTests.Removing_a_detached_tab_releases_the_accessory_and_restores_its_header" computerName="MacBook-Pro-de-Javier-2" duration="00:00:00.0011921" startTime="2026-09-05T20:45:33.3888230+02:00" endTime="2026-09-05T20:45:33.3900350+02:00" testType="13cdc9d9-ddb5-4fa4-a97d-d965ccfc6d4b" outcome="Passed" testListId="8c84fa94-04c1-424b-9868-57a2d4851a1d" relativeResultsDirectory="4ac0967f-def2-47e2-908c-a21f597ada00" />
    <UnitTestResult executionId="4e026015-0d23-42cd-81f7-5493064aa176" testId="9f8105ba-69a8-13e0-351f-a2752b90490e" testName="Cupertino.Avalonia.Tests.ThemeCoverageTests.Every_styled_control_resolves_a_cupertino_theme(type: typeof(Cupertino.Controls.CupertinoNavigationBar))" computerName="MacBook-Pro-de-Javier-2" duration="00:00:00.0003929" startTime="2026-09-05T20:45:34.9102220+02:00" endTime="2026-09-05T20:45:34.9106240+02:00" testType="13cdc9d9-ddb5-4fa4-a97d-d965ccfc6d4b" outcome="Passed" testListId="8c84fa94-04c1-424b-9868-57a2d4851a1d" relativeResultsDirectory="4e026015-0d23-42cd-81f7-5493064aa176">
      <Output>
        <StdOut>CupertinoNavigationBar: template built = True</StdOut>
      </Output>
    </UnitTestResult>
    <UnitTestResult executionId="09fda1ed-2c2d-4c1c-a5d6-8b86fa889705" testId="6f85469b-626c-4520-eef9-bf8faef7ae06" testName="Cupertino.Avalonia.Tests.ScrollBounceTests.Mid_list_wheels_do_not_stretch" computerName="MacBook-Pro-de-Javier-2" duration="00:00:00.0049479" startTime="2026-09-05T20:45:26.2060170+02:00" endTime="2026-09-05T20:45:26.2110050+02:00" testType="13cdc9d9-ddb5-4fa4-a97d-d965ccfc6d4b" outcome="Passed" testListId="8c84fa94-04c1-424b-9868-57a2d4851a1d" relativeResultsDirectory="09fda1ed-2c2d-4c1c-a5d6-8b86fa889705" />
    <UnitTestResult executionId="f4ee64d3-7399-470e-8f27-383e6461717b" testId="a4295646-8ac8-492a-c68f-88c59c8b4277" testName="Cupertino.Avalonia.Tests.TabTravelHopLengthTests.A_long_hop_peaks_without_plateauing(hops: 3)" computerName="MacBook-Pro-de-Javier-2" duration="00:00:00.0000227" startTime="2026-09-05T20:45:28.7094330+02:00" endTime="2026-09-05T20:45:28.7094780+02:00" testType="13cdc9d9-ddb5-4fa4-a97d-d965ccfc6d4b" outcome="Passed" testListId="8c84fa94-04c1-424b-9868-57a2d4851a1d" relativeResultsDirectory="f4ee64d3-7399-470e-8f27-383e6461717b" />
    <UnitTestResult executionId="05f84d37-9596-462b-9a4c-e32026444281" testId="4ab7c981-0af5-0fe0-85ec-e3634363824d" testName="Cupertino.Avalonia.Tests.ThemeIntegrityTests.Stepper_only_keeps_the_native_capsule_and_divider_geometry" computerName="MacBook-Pro-de-Javier-2" duration="00:00:00.0008972" startTime="2026-09-05T20:45:34.9944570+02:00" endTime="2026-09-05T20:45:34.9953640+02:00" testType="13cdc9d9-ddb5-4fa4-a97d-d965ccfc6d4b" outcome="Passed" testListId="8c84fa94-04c1-424b-9868-57a2d4851a1d" relativeResultsDirectory="05f84d37-9596-462b-9a4c-e32026444281" />
    <UnitTestResult executionId="28317c4d-8f84-4b54-bd80-817391ac9717" testId="ce550787-1646-b8e8-71e1-032903d8e976" testName="Cupertino.Avalonia.Tests.InteractionTests.Disabling_slider_interaction_clears_a_held_thumb" computerName="MacBook-Pro-de-Javier-2" duration="00:00:00.0577062" startTime="2026-09-05T20:45:24.8265660+02:00" endTime="2026-09-05T20:45:24.8843100+02:00" testType="13cdc9d9-ddb5-4fa4-a97d-d965ccfc6d4b" outcome="Passed" testListId="8c84fa94-04c1-424b-9868-57a2d4851a1d" relativeResultsDirectory="28317c4d-8f84-4b54-bd80-817391ac9717" />
    <UnitTestResult executionId="9a8133a7-fb87-4fe2-b03c-f4847c4f658a" testId="a4b890b3-4434-fc1d-914f-d6159f50b06e" testName="Cupertino.Avalonia.Tests.ThemeCoverageTests.Every_styled_control_resolves_a_cupertino_theme(type: typeof(Avalonia.Controls.CalendarDatePicker))" computerName="MacBook-Pro-de-Javier-2" duration="00:00:00.0048039" startTime="2026-09-05T20:45:27.5481460+02:00" endTime="2026-09-05T20:45:27.5529780+02:00" testType="13cdc9d9-ddb5-4fa4-a97d-d965ccfc6d4b" outcome="Passed" testListId="8c84fa94-04c1-424b-9868-57a2d4851a1d" relativeResultsDirectory="9a8133a7-fb87-4fe2-b03c-f4847c4f658a">
      <Output>
        <StdOut>CalendarDatePicker: template built = True</StdOut>
      </Output>
    </UnitTestResult>
    <UnitTestResult executionId="90d66455-6c2a-4238-adbb-178af4807730" testId="bbef0640-cd84-2bc7-e051-c765c68e5c6a" testName="Cupertino.Avalonia.Tests.DialogTests.Dialog_shows_in_the_overlay_layer_and_lays_out" computerName="MacBook-Pro-de-Javier-2" duration="00:00:00.0038395" startTime="2026-09-05T20:45:31.0458790+02:00" endTime="2026-09-05T20:45:31.0497500+02:00" testType="13cdc9d9-ddb5-4fa4-a97d-d965ccfc6d4b" outcome="Passed" testListId="8c84fa94-04c1-424b-9868-57a2d4851a1d" relativeResultsDirectory="90d66455-6c2a-4238-adbb-178af4807730" />
    <UnitTestResult executionId="02422d75-597d-4a10-a5ac-0abeca3413d6" testId="73c09846-2801-fcd3-79d0-cfb3ecfbd493" testName="Cupertino.Avalonia.Tests.ButtonInteractionTests.Calendar_date_picker_uses_the_shared_flyout_transition" computerName="MacBook-Pro-de-Javier-2" duration="00:00:00.3886968" startTime="2026-09-05T20:45:27.6846610+02:00" endTime="2026-09-05T20:45:28.0738100+02:00" testType="13cdc9d9-ddb5-4fa4-a97d-d965ccfc6d4b" outcome="Passed" testListId="8c84fa94-04c1-424b-9868-57a2d4851a1d" relativeResultsDirectory="02422d75-597d-4a10-a5ac-0abeca3413d6" />
    <UnitTestResult executionId="0a496414-6293-43b3-93e8-b1451445d21a" testId="ef6ea655-4b80-040c-d954-ed8c841cc3c5" testName="Cupertino.Avalonia.Tests.AccessibilityAndDirectionTests.Rtl_calendar_mirrors_visual_columns_and_hit_testing" computerName="MacBook-Pro-de-Javier-2" duration="00:00:00.0004209" startTime="2026-09-05T20:45:30.2208580+02:00" endTime="2026-09-05T20:45:30.2212940+02:00" testType="13cdc9d9-ddb5-4fa4-a97d-d965ccfc6d4b" outcome="Passed" testListId="8c84fa94-04c1-424b-9868-57a2d4851a1d" relativeResultsDirectory="0a496414-6293-43b3-93e8-b1451445d21a" />
    <UnitTestResult executionId="d90f8244-3a01-4001-921d-c24439196f27" testId="cb500e95-9a91-b9e0-edce-247b9c825539" testName="Cupertino.Avalonia.Tests.CalendarTests.Wheel_normalizes_geometry_and_observes_item_mutations" computerName="MacBook-Pro-de-Javier-2" duration="00:00:00.0005739" startTime="2026-09-05T20:45:30.2269930+02:00" endTime="2026-09-05T20:45:30.2275830+02:00" testType="13cdc9d9-ddb5-4fa4-a97d-d965ccfc6d4b" outcome="Passed" testListId="8c84fa94-04c1-424b-9868-57a2d4851a1d" relativeResultsDirectory="d90f8244-3a01-4001-921d-c24439196f27" />
    <UnitTestResult executionId="4fcce166-6383-404b-ae17-f51b9270b0d2" testId="bf431fd3-7589-f8c9-aa5a-242af33bc082" testName="Cupertino.Avalonia.Tests.ThemeCoverageTests.Every_styled_control_resolves_a_cupertino_theme(type: typeof(Avalonia.Controls.Menu))" computerName="MacBook-Pro-de-Javier-2" duration="00:00:00.0019083" startTime="2026-09-05T20:45:34.8769540+02:00" endTime="2026-09-05T20:45:34.8788750+02:00" testType="13cdc9d9-ddb5-4fa4-a97d-d965ccfc6d4b" outcome="Passed" testListId="8c84fa94-04c1-424b-9868-57a2d4851a1d" relativeResultsDirectory="4fcce166-6383-404b-ae17-f51b9270b0d2">
      <Output>
        <StdOut>Menu: template built = True</StdOut>
      </Output>
    </UnitTestResult>
    <UnitTestResult executionId="c74a97bd-2776-4c34-bbdd-c9ae919a4fad" testId="98c2ad58-c723-ba4c-b617-7471e4670424" testName="Cupertino.Avalonia.Tests.ButtonInteractionTests.Hovering_brightens_the_glass(kind: &quot;Button&quot;)" computerName="MacBook-Pro-de-Javier-2" duration="00:00:00.0006187" startTime="2026-09-05T20:45:30.3242230+02:00" endTime="2026-09-05T20:45:30.3248580+02:00" testType="13cdc9d9-ddb5-4fa4-a97d-d965ccfc6d4b" outcome="Passed" testListId="8c84fa94-04c1-424b-9868-57a2d4851a1d" relativeResultsDirectory="c74a97bd-2776-4c34-bbdd-c9ae919a4fad" />
    <UnitTestResult executionId="c7fa74cb-e407-4249-9f10-f99847f98b04" testId="d7fddb85-a6f3-513a-b6e2-870faa8e6c09" testName="Cupertino.Avalonia.Tests.NavigationBarTests.The_large_title_has_room_to_render" computerName="MacBook-Pro-de-Javier-2" duration="00:00:00.0007496" startTime="2026-09-05T20:45:32.1856040+02:00" endTime="2026-09-05T20:45:32.1863650+02:00" testType="13cdc9d9-ddb5-4fa4-a97d-d965ccfc6d4b" outcome="Passed" testListId="8c84fa94-04c1-424b-9868-57a2d4851a1d" relativeResultsDirectory="c7fa74cb-e407-4249-9f10-f99847f98b04" />
    <UnitTestResult executionId="be170801-1334-4528-8296-a3c48cc65642" testId="f1f54d7f-1fce-cc6a-f12f-751c42aeb9d9" testName="Cupertino.Avalonia.Tests.ThemeIntegrityTests.Search_field_is_distinguishable_from_the_card_behind_it(variantName: &quot;Light&quot;)" computerName="MacBook-Pro-de-Javier-2" duration="00:00:00.0002300" startTime="2026-09-05T20:45:34.3071020+02:00" endTime="2026-09-05T20:45:34.3073430+02:00" testType="13cdc9d9-ddb5-4fa4-a97d-d965ccfc6d4b" outcome="Passed" testListId="8c84fa94-04c1-424b-9868-57a2d4851a1d" relativeResultsDirectory="be170801-1334-4528-8296-a3c48cc65642" />
    <UnitTestResult executionId="76a0ede4-6e24-433c-9a91-837bb9987033" testId="d00bc844-41b2-8997-1c4b-c5b1cc0542f8" testName="Cupertino.Avalonia.Tests.BoundaryAndCollectionTests.Minute_rounding_respects_offset_adjusted_date_time_limits(maximum: True, offsetMinutes: -30, increment: 59)" computerName="MacBook-Pro-de-Javier-2" duration="00:00:00.0000377" startTime="2026-09-05T20:45:33.4917890+02:00" endTime="2026-09-05T20:45:33.4918440+02:00" testType="13cdc9d9-ddb5-4fa4-a97d-d965ccfc6d4b" outcome="Passed" testListId="8c84fa94-04c1-424b-9868-57a2d4851a1d" relativeResultsDirectory="76a0ede4-6e24-433c-9a91-837bb9987033" />
    <UnitTestResult executionId="7a93eacf-c14b-4796-b12a-0d3a872ca2f9" testId="e81facae-ce41-caa6-7441-a2c279514ea5" testName="Cupertino.Avalonia.Tests.NavigationCollapseCurveTests.The_handover_points_hold(offset: 68, large: 0, inline: 1)" computerName="MacBook-Pro-de-Javier-2" duration="00:00:00.0005756" startTime="2026-09-05T20:45:33.9817660+02:00" endTime="2026-09-05T20:45:33.9823540+02:00" testType="13cdc9d9-ddb5-4fa4-a97d-d965ccfc6d4b" outcome="Passed" testListId="8c84fa94-04c1-424b-9868-57a2d4851a1d" relativeResultsDirectory="7a93eacf-c14b-4796-b12a-0d3a872ca2f9" />
    <UnitTestResult executionId="7422eb1c-2b1e-44f7-9d9d-99c32d3b5b2b" testId="70c44e46-29fd-88af-f642-4a362ce3d681" testName="Cupertino.Avalonia.Tests.TabWipeExtentTests.An_item_the_blob_has_not_reached_is_not_tinted" computerName="MacBook-Pro-de-Javier-2" duration="00:00:00.0000286" startTime="2026-09-05T20:45:30.9694330+02:00" endTime="2026-09-05T20:45:30.9694740+02:00" testType="13cdc9d9-ddb5-4fa4-a97d-d965ccfc6d4b" outcome="Passed" testListId="8c84fa94-04c1-424b-9868-57a2d4851a1d" relativeResultsDirectory="7422eb1c-2b1e-44f7-9d9d-99c32d3b5b2b" />
    <UnitTestResult executionId="ff629174-1cb8-447a-9101-00d4af97f589" testId="40e44825-e5ef-79c0-1b44-8f3f068a8a2f" testName="Cupertino.Avalonia.Tests.SwipeViewTests.A_short_drag_left_springs_shut" computerName="MacBook-Pro-de-Javier-2" duration="00:00:00.1894977" startTime="2026-09-05T20:45:31.0586810+02:00" endTime="2026-09-05T20:45:31.2482020+02:00" testType="13cdc9d9-ddb5-4fa4-a97d-d965ccfc6d4b" outcome="Passed" testListId="8c84fa94-04c1-424b-9868-57a2d4851a1d" relativeResultsDirectory="ff629174-1cb8-447a-9101-00d4af97f589" />
    <UnitTestResult executionId="31e8e9fb-d148-4b6f-a4c8-c2bcd8358786" testId="0abc15ab-aa57-9644-72d6-4ceb3c01a45f" testName="Cupertino.Avalonia.Tests.ThemeIntegrityTests.Search_field_uses_custom_caret_and_reserves_clear_target" computerName="MacBook-Pro-de-Javier-2" duration="00:00:00.0026586" startTime="2026-09-05T20:45:34.9112200+02:00" endTime="2026-09-05T20:45:34.9138880+02:00" testType="13cdc9d9-ddb5-4fa4-a97d-d965ccfc6d4b" outcome="Passed" testListId="8c84fa94-04c1-424b-9868-57a2d4851a1d" relativeResultsDirectory="31e8e9fb-d148-4b6f-a4c8-c2bcd8358786" />
    <UnitTestResult executionId="98a535e7-2ccb-447b-a61f-a6bdc4dc621a" testId="46138744-4200-457a-1e2d-eb9fb59ec060" testName="Cupertino.Avalonia.Tests.ThemeCoverageTests.Every_styled_control_resolves_a_cupertino_theme(type: typeof(Cupertino.Controls.CupertinoCalendarView))" computerName="MacBook-Pro-de-Javier-2" duration="00:00:00.0018163" startTime="2026-09-05T20:45:34.3151790+02:00" endTime="2026-09-05T20:45:34.3170100+02:00" testType="13cdc9d9-ddb5-4fa4-a97d-d965ccfc6d4b" outcome="Passed" testListId="8c84fa94-04c1-424b-9868-57a2d4851a1d" relativeResultsDirectory="98a535e7-2ccb-447b-a61f-a6bdc4dc621a">
      <Output>
        <StdOut>CupertinoCalendarView: template built = True</StdOut>
      </Output>
    </UnitTestResult>
    <UnitTestResult executionId="994cbeb8-c199-42af-bf03-142d168aca6d" testId="21f737df-a6a8-e58e-c59d-1ed1fe591d9e" testName="Cupertino.Avalonia.Tests.InteractionTests.Split_view_uses_template_settings_for_each_mode_and_placement(displayMode: Overlay, isPaneOpen: True, paneLength: 100, contentInset: 0)" computerName="MacBook-Pro-de-Javier-2" duration="00:00:00.0015159" startTime="2026-09-05T20:45:28.7520080+02:00" endTime="2026-09-05T20:45:28.7535420+02:00" testType="13cdc9d9-ddb5-4fa4-a97d-d965ccfc6d4b" outcome="Passed" testListId="8c84fa94-04c1-424b-9868-57a2d4851a1d" relativeResultsDirectory="994cbeb8-c199-42af-bf03-142d168aca6d" />
    <UnitTestResult executionId="e53f77df-5a39-42bd-85c2-6bbe19fdeb48" testId="5ab4a0f5-4e93-0e41-2772-2f0b5419da29" testName="Cupertino.Avalonia.Tests.AccessibilityAndDirectionTests.Dynamic_type_updates_the_theme_tokens" computerName="MacBook-Pro-de-Javier-2" duration="00:00:00.0321382" startTime="2026-09-05T20:45:30.2775610+02:00" endTime="2026-09-05T20:45:30.3097280+02:00" testType="13cdc9d9-ddb5-4fa4-a97d-d965ccfc6d4b" outcome="Passed" testListId="8c84fa94-04c1-424b-9868-57a2d4851a1d" relativeResultsDirectory="e53f77df-5a39-42bd-85c2-6bbe19fdeb48" />
    <UnitTestResult executionId="0bd47e9f-764c-4120-8a05-aeba89f600c9" testId="f13fdbc7-12ff-f63d-39bc-6b51ab76012d" testName="Cupertino.Avalonia.Tests.CalendarThemeTests.The_selected_day_shows_its_disc" computerName="MacBook-Pro-de-Javier-2" duration="00:00:00.0038344" startTime="2026-09-05T20:45:30.2530810+02:00" endTime="2026-09-05T20:45:30.2569320+02:00" testType="13cdc9d9-ddb5-4fa4-a97d-d965ccfc6d4b" outcome="Passed" testListId="8c84fa94-04c1-424b-9868-57a2d4851a1d" relativeResultsDirectory="0bd47e9f-764c-4120-8a05-aeba89f600c9" />
    <UnitTestResult executionId="f8bdb60c-ef0a-40eb-8bad-7efb1d7574ee" testId="d0dd535d-eba9-fe20-9639-354ff8207d7a" testName="Cupertino.Avalonia.Tests.ThemeCoverageTests.Every_styled_control_resolves_a_cupertino_theme(type: typeof(Avalonia.Controls.TreeView))" computerName="MacBook-Pro-de-Javier-2" duration="00:00:00.0039226" startTime="2026-09-05T20:45:34.9483750+02:00" endTime="2026-09-05T20:45:34.9523230+02:00" testType="13cdc9d9-ddb5-4fa4-a97d-d965ccfc6d4b" outcome="Passed" testListId="8c84fa94-04c1-424b-9868-57a2d4851a1d" relativeResultsDirectory="f8bdb60c-ef0a-40eb-8bad-7efb1d7574ee">
      <Output>
        <StdOut>TreeView: template built = True</StdOut>
      </Output>
    </UnitTestResult>
    <UnitTestResult executionId="d44e585f-ae35-47ca-96d7-ed8ea8f42e35" testId="11cf41d0-e72c-e875-fef8-2e19b0f4097d" testName="Cupertino.Avalonia.Tests.ThemeCoverageTests.Every_styled_control_resolves_a_cupertino_theme(type: typeof(Avalonia.Controls.Button))" computerName="MacBook-Pro-de-Javier-2" duration="00:00:00.0002035" startTime="2026-09-05T20:45:34.9002170+02:00" endTime="2026-09-05T20:45:34.9004260+02:00" testType="13cdc9d9-ddb5-4fa4-a97d-d965ccfc6d4b" outcome="Passed" testListId="8c84fa94-04c1-424b-9868-57a2d4851a1d" relativeResultsDirectory="d44e585f-ae35-47ca-96d7-ed8ea8f42e35">
      <Output>
        <StdOut>Button: template built = True</StdOut>
      </Output>
    </UnitTestResult>
    <UnitTestResult executionId="f827703d-fdda-483f-b3c1-50b58d341e48" testId="aadc989f-3e62-d27e-0bbe-e7e33a08abf4" testName="Cupertino.Avalonia.Tests.InteractionTests.Menu_items_and_separators_get_the_cupertino_templates" computerName="MacBook-Pro-de-Javier-2" duration="00:00:00.0055538" startTime="2026-09-05T20:45:33.0256270+02:00" endTime="2026-09-05T20:45:33.0311980+02:00" testType="13cdc9d9-ddb5-4fa4-a97d-d965ccfc6d4b" outcome="Passed" testListId="8c84fa94-04c1-424b-9868-57a2d4851a1d" relativeResultsDirectory="f827703d-fdda-483f-b3c1-50b58d341e48" />
    <UnitTestResult executionId="f830dcb7-f7f5-4181-a18a-2e2a84694089" testId="aef0ea90-92f6-caa7-7427-33a39dbad215" testName="Cupertino.Avalonia.Tests.DialogTests.A_dialog_cannot_be_presented_twice_at_the_same_time" computerName="MacBook-Pro-de-Javier-2" duration="00:00:00.0005327" startTime="2026-09-05T20:45:32.9411190+02:00" endTime="2026-09-05T20:45:32.9416610+02:00" testType="13cdc9d9-ddb5-4fa4-a97d-d965ccfc6d4b" outcome="Passed" testListId="8c84fa94-04c1-424b-9868-57a2d4851a1d" relativeResultsDirectory="f830dcb7-f7f5-4181-a18a-2e2a84694089" />
    <UnitTestResult executionId="0c52df01-d254-4722-994d-5bafe9a40fa5" testId="7fc944a5-7c8e-5f15-0c5a-62622ad40827" testName="Cupertino.Avalonia.Tests.CalendarPagingTests.A_day_can_be_selected_through_hit_testing" computerName="MacBook-Pro-de-Javier-2" duration="00:00:00.0446802" startTime="2026-09-05T20:45:25.5277870+02:00" endTime="2026-09-05T20:45:25.5725170+02:00" testType="13cdc9d9-ddb5-4fa4-a97d-d965ccfc6d4b" outcome="Passed" testListId="8c84fa94-04c1-424b-9868-57a2d4851a1d" relativeResultsDirectory="0c52df01-d254-4722-994d-5bafe9a40fa5" />
    <UnitTestResult executionId="ef1446b8-dd06-4ab3-b8ac-a71744420023" testId="b616ed33-f089-e7e3-c157-afa0739ce5b3" testName="Cupertino.Avalonia.Tests.NewPrimitiveTests.Search_view_filters_and_respects_scopes" computerName="MacBook-Pro-de-Javier-2" duration="00:00:00.0032837" startTime="2026-09-05T20:45:27.6764070+02:00" endTime="2026-09-05T20:45:27.6797190+02:00" testType="13cdc9d9-ddb5-4fa4-a97d-d965ccfc6d4b" outcome="Passed" testListId="8c84fa94-04c1-424b-9868-57a2d4851a1d" relativeResultsDirectory="ef1446b8-dd06-4ab3-b8ac-a71744420023" />
    <UnitTestResult executionId="9b738eb6-395c-420e-8522-39ec9b3886c2" testId="57912fa4-941d-bf28-c2bc-5d64c548f1f8" testName="Cupertino.Avalonia.Tests.NavigationPageTests.Pushing_shows_the_page_and_its_title" computerName="MacBook-Pro-de-Javier-2" duration="00:00:00.0014855" startTime="2026-09-05T20:45:30.2734900+02:00" endTime="2026-09-05T20:45:30.2749890+02:00" testType="13cdc9d9-ddb5-4fa4-a97d-d965ccfc6d4b" outcome="Passed" testListId="8c84fa94-04c1-424b-9868-57a2d4851a1d" relativeResultsDirectory="9b738eb6-395c-420e-8522-39ec9b3886c2" />
    <UnitTestResult executionId="24ab7800-8112-400f-9a1d-71e07f6d06b6" testId="470fb21d-b7f2-0119-dded-11258c325f3b" testName="Cupertino.Avalonia.Tests.CalendarTests.Tapping_the_weekday_header_selects_nothing" computerName="MacBook-Pro-de-Javier-2" duration="00:00:00.0053816" startTime="2026-09-05T20:45:28.7900810+02:00" endTime="2026-09-05T20:45:28.7954860+02:00" testType="13cdc9d9-ddb5-4fa4-a97d-d965ccfc6d4b" outcome="Passed" testListId="8c84fa94-04c1-424b-9868-57a2d4851a1d" relativeResultsDirectory="24ab7800-8112-400f-9a1d-71e07f6d06b6" />
    <UnitTestResult executionId="ad7336c5-c332-4194-b56b-a44032c383a6" testId="1acd0b3e-446e-e95b-6074-a9f9389f0094" testName="Cupertino.Avalonia.Tests.ThemeIntegrityTests.Themed_controls_template_and_measure(variantName: &quot;Dark&quot;)" computerName="MacBook-Pro-de-Javier-2" duration="00:00:00.0232221" startTime="2026-09-05T20:45:34.3234820+02:00" endTime="2026-09-05T20:45:34.3467280+02:00" testType="13cdc9d9-ddb5-4fa4-a97d-d965ccfc6d4b" outcome="Passed" testListId="8c84fa94-04c1-424b-9868-57a2d4851a1d" relativeResultsDirectory="ad7336c5-c332-4194-b56b-a44032c383a6" />
    <UnitTestResult executionId="c4233b14-ee47-42de-9f78-31648232ac91" testId="8190d6a7-881e-0fb5-0c7a-203896b0365f" testName="Cupertino.Avalonia.Tests.ThemeIntegrityTests.Every_icon_glyph_resolves_and_renders" computerName="MacBook-Pro-de-Javier-2" duration="00:00:00.0026762" startTime="2026-09-05T20:45:34.9437860+02:00" endTime="2026-09-05T20:45:34.9464700+02:00" testType="13cdc9d9-ddb5-4fa4-a97d-d965ccfc6d4b" outcome="Passed" testListId="8c84fa94-04c1-424b-9868-57a2d4851a1d" relativeResultsDirectory="c4233b14-ee47-42de-9f78-31648232ac91" />
    <UnitTestResult executionId="a68b997a-41c3-4018-a844-da0488954348" testId="187def78-c2f3-15e8-e91c-4c1d8d7788f2" testName="Cupertino.Avalonia.Tests.ButtonFamilyTests.Every_button_type_is_themed_and_capsule_height" computerName="MacBook-Pro-de-Javier-2" duration="00:00:00.0021384" startTime="2026-09-05T20:45:32.8984580+02:00" endTime="2026-09-05T20:45:32.9006230+02:00" testType="13cdc9d9-ddb5-4fa4-a97d-d965ccfc6d4b" outcome="Passed" testListId="8c84fa94-04c1-424b-9868-57a2d4851a1d" relativeResultsDirectory="a68b997a-41c3-4018-a844-da0488954348" />
    <UnitTestResult executionId="8f65f5df-dd88-4a60-a5e1-e32d94465996" testId="a9b81cf1-5915-59b7-cee4-d5e8354e44e0" testName="Cupertino.Avalonia.Tests.BoundaryAndCollectionTests.Date_part_uses_the_selected_local_day_for_absolute_bounds" computerName="MacBook-Pro-de-Javier-2" duration="00:00:00.0006696" startTime="2026-09-05T20:45:34.1560780+02:00" endTime="2026-09-05T20:45:34.1567560+02:00" testType="13cdc9d9-ddb5-4fa4-a97d-d965ccfc6d4b" outcome="Passed" testListId="8c84fa94-04c1-424b-9868-57a2d4851a1d" relativeResultsDirectory="8f65f5df-dd88-4a60-a5e1-e32d94465996" />
    <UnitTestResult executionId="9a8e2c96-b887-4059-b66d-b7e667579385" testId="15c1bd3e-4b0a-4a9c-d918-c84dceba811b" testName="Cupertino.Avalonia.Tests.ThemeIntegrityTests.The_type_ramp_classes_set_their_sizes(cls: &quot;largetitle&quot;, size: 34)" computerName="MacBook-Pro-de-Javier-2" duration="00:00:00.0002866" startTime="2026-09-05T20:45:33.4838080+02:00" endTime="2026-09-05T20:45:33.4841160+02:00" testType="13cdc9d9-ddb5-4fa4-a97d-d965ccfc6d4b" outcome="Passed" testListId="8c84fa94-04c1-424b-9868-57a2d4851a1d" relativeResultsDirectory="9a8e2c96-b887-4059-b66d-b7e667579385" />
    <UnitTestResult executionId="35d7f86d-741c-4cf2-9d36-ed3cc3eab87a" testId="6329c1a4-2c1e-4e81-fcd3-6926debda7cf" testName="Cupertino.Avalonia.Tests.AuditRegressionTests.Full_swipe_honors_command_parameters_eligibility_and_handled_clicks(canExecute: False, handleClick: False, expected: 0)" computerName="MacBook-Pro-de-Javier-2" duration="00:00:00.0014035" startTime="2026-09-05T20:45:33.2408050+02:00" endTime="2026-09-05T20:45:33.2422170+02:00" testType="13cdc9d9-ddb5-4fa4-a97d-d965ccfc6d4b" outcome="Passed" testListId="8c84fa94-04c1-424b-9868-57a2d4851a1d" relativeResultsDirectory="35d7f86d-741c-4cf2-9d36-ed3cc3eab87a" />
    <UnitTestResult executionId="add785df-8648-438a-86ca-0879d52b79c6" testId="58a4727b-b945-50c5-57f4-5c69dd39d7c7" testName="Cupertino.Avalonia.Tests.ThemeIntegrityTests.The_type_ramp_classes_set_their_sizes(cls: &quot;caption1&quot;, size: 12)" computerName="MacBook-Pro-de-Javier-2" duration="00:00:00.0003033" startTime="2026-09-05T20:45:30.3335770+02:00" endTime="2026-09-05T20:45:30.3338950+02:00" testType="13cdc9d9-ddb5-4fa4-a97d-d965ccfc6d4b" outcome="Passed" testListId="8c84fa94-04c1-424b-9868-57a2d4851a1d" relativeResultsDirectory="add785df-8648-438a-86ca-0879d52b79c6" />
    <UnitTestResult executionId="6cc50f62-3a8e-4f68-8866-5e14d77caa98" testId="13026c9e-3972-b04b-f3fa-8b6fa463e747" testName="Cupertino.Avalonia.Tests.AuditLifecycleTests.Removing_multiple_routes_releases_only_retired_pages(operation: &quot;restore&quot;)" computerName="MacBook-Pro-de-Javier-2" duration="00:00:00.0306315" startTime="2026-09-05T20:45:32.9942770+02:00" endTime="2026-09-05T20:45:33.0249320+02:00" testType="13cdc9d9-ddb5-4fa4-a97d-d965ccfc6d4b" outcome="Passed" testListId="8c84fa94-04c1-424b-9868-57a2d4851a1d" relativeResultsDirectory="6cc50f62-3a8e-4f68-8866-5e14d77caa98" />
    <UnitTestResult executionId="2fd7b56d-baf3-4ad2-9ec6-12d0e387fdf9" testId="b660fb8e-7696-757c-2b3c-222d8f96916d" testName="Cupertino.Avalonia.Tests.CalendarPagingTests.The_next_arrow_hit_tests_inside_a_scrolling_page" computerName="MacBook-Pro-de-Javier-2" duration="00:00:00.0047295" startTime="2026-09-05T20:45:30.2388960+02:00" endTime="2026-09-05T20:45:30.2436460+02:00" testType="13cdc9d9-ddb5-4fa4-a97d-d965ccfc6d4b" outcome="Passed" testListId="8c84fa94-04c1-424b-9868-57a2d4851a1d" relativeResultsDirectory="2fd7b56d-baf3-4ad2-9ec6-12d0e387fdf9" />
    <UnitTestResult executionId="3c36102e-83cd-4072-bcf3-cfddd55e3606" testId="98da1fe8-16a8-b8ef-dff3-c318c2aabf16" testName="Cupertino.Avalonia.Tests.AuditRegressionTests.External_wheel_selection_survives_an_active_settle" computerName="MacBook-Pro-de-Javier-2" duration="00:00:00.0007466" startTime="2026-09-05T20:45:34.3174850+02:00" endTime="2026-09-05T20:45:34.3182420+02:00" testType="13cdc9d9-ddb5-4fa4-a97d-d965ccfc6d4b" outcome="Passed" testListId="8c84fa94-04c1-424b-9868-57a2d4851a1d" relativeResultsDirectory="3c36102e-83cd-4072-bcf3-cfddd55e3606" />
    <UnitTestResult executionId="562f6078-5885-4d6d-961b-fe57ba7becb4" testId="05378cb5-af3e-b2e4-892c-ea8ea7063514" testName="Cupertino.Avalonia.Tests.NavigationCollapseCurveTests.The_handover_points_hold(offset: 48, large: 0, inline: 0,51000000000000001)" computerName="MacBook-Pro-de-Javier-2" duration="00:00:00.0007656" startTime="2026-09-05T20:45:33.1092870+02:00" endTime="2026-09-05T20:45:33.1100630+02:00" testType="13cdc9d9-ddb5-4fa4-a97d-d965ccfc6d4b" outcome="Passed" testListId="8c84fa94-04c1-424b-9868-57a2d4851a1d" relativeResultsDirectory="562f6078-5885-4d6d-961b-fe57ba7becb4" />
    <UnitTestResult executionId="9f4548ec-2d7d-41ef-b053-81beaf5b7ddc" testId="dd45d0d5-fa0c-3823-a33f-746f57ca7225" testName="Cupertino.Avalonia.Tests.ThemeCoverageTests.Every_styled_control_resolves_a_cupertino_theme(type: typeof(Cupertino.Controls.CupertinoDatePicker))" computerName="MacBook-Pro-de-Javier-2" duration="00:00:00.0004030" startTime="2026-09-05T20:45:33.3293040+02:00" endTime="2026-09-05T20:45:33.3297170+02:00" testType="13cdc9d9-ddb5-4fa4-a97d-d965ccfc6d4b" outcome="Passed" testListId="8c84fa94-04c1-424b-9868-57a2d4851a1d" relativeResultsDirectory="9f4548ec-2d7d-41ef-b053-81beaf5b7ddc">
      <Output>
        <StdOut>CupertinoDatePicker: template built = True</StdOut>
      </Output>
    </UnitTestResult>
    <UnitTestResult executionId="5f2a121e-a838-4e1e-91d9-45b3986d8025" testId="aea18adc-f223-c7d9-5bcd-ea96abc8517f" testName="Cupertino.Avalonia.Tests.ThemeCoverageTests.Every_styled_control_resolves_a_cupertino_theme(type: typeof(Avalonia.Controls.ProgressBar))" computerName="MacBook-Pro-de-Javier-2" duration="00:00:00.0018762" startTime="2026-09-05T20:45:33.9277740+02:00" endTime="2026-09-05T20:45:33.9296720+02:00" testType="13cdc9d9-ddb5-4fa4-a97d-d965ccfc6d4b" outcome="Passed" testListId="8c84fa94-04c1-424b-9868-57a2d4851a1d" relativeResultsDirectory="5f2a121e-a838-4e1e-91d9-45b3986d8025">
      <Output>
        <StdOut>ProgressBar: template built = True</StdOut>
      </Output>
    </UnitTestResult>
    <UnitTestResult executionId="cb24ea5d-bd8d-453b-acb6-dc28c630394d" testId="649ec561-8990-6857-786e-5ce66b2a109f" testName="Cupertino.Avalonia.Tests.ThemeIntegrityTests.Two_item_bottom_bar_fits_narrow_widths" computerName="MacBook-Pro-de-Javier-2" duration="00:00:00.0011366" startTime="2026-09-05T20:45:34.1010840+02:00" endTime="2026-09-05T20:45:34.1022370+02:00" testType="13cdc9d9-ddb5-4fa4-a97d-d965ccfc6d4b" outcome="Passed" testListId="8c84fa94-04c1-424b-9868-57a2d4851a1d" relativeResultsDirectory="cb24ea5d-bd8d-453b-acb6-dc28c630394d" />
    <UnitTestResult executionId="ac807d0b-7670-4e0f-ad97-323b778bfce9" testId="928fdca5-8060-acc6-a83d-cfda3a5e42f0" testName="Cupertino.Avalonia.Tests.NavigationPageTests.Reapplying_the_template_preserves_the_current_stack_entry" computerName="MacBook-Pro-de-Javier-2" duration="00:00:00.0176041" startTime="2026-09-05T20:45:30.2014860+02:00" endTime="2026-09-05T20:45:30.2191170+02:00" testType="13cdc9d9-ddb5-4fa4-a97d-d965ccfc6d4b" outcome="Passed" testListId="8c84fa94-04c1-424b-9868-57a2d4851a1d" relativeResultsDirectory="ac807d0b-7670-4e0f-ad97-323b778bfce9" />
    <UnitTestResult executionId="1365ec64-28fd-4a5a-b8b1-9571bd5537fc" testId="17434b2d-f72b-7f31-4011-ec93a3f44251" testName="Cupertino.Avalonia.Tests.NavigationPageTests.Changing_the_root_leading_content_updates_the_live_bar" computerName="MacBook-Pro-de-Javier-2" duration="00:00:00.0271440" startTime="2026-09-05T20:45:24.8864030+02:00" endTime="2026-09-05T20:45:24.9135880+02:00" testType="13cdc9d9-ddb5-4fa4-a97d-d965ccfc6d4b" outcome="Passed" testListId="8c84fa94-04c1-424b-9868-57a2d4851a1d" relativeResultsDirectory="1365ec64-28fd-4a5a-b8b1-9571bd5537fc" />
    <UnitTestResult executionId="c905b77a-5979-4b03-a81e-1a72fa7899db" testId="305a2ad0-900b-0d81-f75f-f2f1221644cf" testName="Cupertino.Avalonia.Tests.ThemeIntegrityTests.Adjacent_bottom_bar_surfaces_do_not_overlap(useStrip: True, itemCount: 3)" computerName="MacBook-Pro-de-Javier-2" duration="00:00:00.0020548" startTime="2026-09-05T20:45:33.9791830+02:00" endTime="2026-09-05T20:45:33.9812590+02:00" testType="13cdc9d9-ddb5-4fa4-a97d-d965ccfc6d4b" outcome="Passed" testListId="8c84fa94-04c1-424b-9868-57a2d4851a1d" relativeResultsDirectory="c905b77a-5979-4b03-a81e-1a72fa7899db" />
    <UnitTestResult executionId="f6f0efb9-4dd6-461f-9512-1a6161507a95" testId="593039f2-c778-cd9b-e1ab-ef6c91d1c411" testName="Cupertino.Avalonia.Tests.SwipeViewTests.A_half_drag_opens_to_the_actions_width" computerName="MacBook-Pro-de-Javier-2" duration="00:00:00.0385640" startTime="2026-09-05T20:45:33.3411100+02:00" endTime="2026-09-05T20:45:33.3796890+02:00" testType="13cdc9d9-ddb5-4fa4-a97d-d965ccfc6d4b" outcome="Passed" testListId="8c84fa94-04c1-424b-9868-57a2d4851a1d" relativeResultsDirectory="f6f0efb9-4dd6-461f-9512-1a6161507a95" />
    <UnitTestResult executionId="9181e7b8-a5f2-449d-b6f8-b46b32375b95" testId="e17d5872-7fa4-d535-8a04-f6ecbd46aec7" testName="Cupertino.Avalonia.Tests.ThemeIntegrityTests.Slider_rails_are_flat_where_they_meet_the_thumb" computerName="MacBook-Pro-de-Javier-2" duration="00:00:00.0007633" startTime="2026-09-05T20:45:34.9653600+02:00" endTime="2026-09-05T20:45:34.9661310+02:00" testType="13cdc9d9-ddb5-4fa4-a97d-d965ccfc6d4b" outcome="Passed" testListId="8c84fa94-04c1-424b-9868-57a2d4851a1d" relativeResultsDirectory="9181e7b8-a5f2-449d-b6f8-b46b32375b95" />
    <UnitTestResult executionId="16dd12fe-0643-40bf-b3b1-2205ea44d74b" testId="82a00a3b-e055-d6ae-05b1-30dff7a24582" testName="Cupertino.Avalonia.Tests.ThemeIntegrityTests.The_type_ramp_classes_set_their_sizes(cls: &quot;footnote&quot;, size: 13)" computerName="MacBook-Pro-de-Javier-2" duration="00:00:00.0002771" startTime="2026-09-05T20:45:33.1084950+02:00" endTime="2026-09-05T20:45:33.1087910+02:00" testType="13cdc9d9-ddb5-4fa4-a97d-d965ccfc6d4b" outcome="Passed" testListId="8c84fa94-04c1-424b-9868-57a2d4851a1d" relativeResultsDirectory="16dd12fe-0643-40bf-b3b1-2205ea44d74b" />
    <UnitTestResult executionId="44c1dca2-d9d2-4f51-a326-b8987f0ef7cc" testId="efaeafd5-b281-3bd8-1879-be4910948236" testName="Cupertino.Avalonia.Tests.ThemeIntegrityTests.Controls_suppress_the_platform_focus_adorner" computerName="MacBook-Pro-de-Javier-2" duration="00:00:00.0022507" startTime="2026-09-05T20:45:34.9616730+02:00" endTime="2026-09-05T20:45:34.9639340+02:00" testType="13cdc9d9-ddb5-4fa4-a97d-d965ccfc6d4b" outcome="Passed" testListId="8c84fa94-04c1-424b-9868-57a2d4851a1d" relativeResultsDirectory="44c1dca2-d9d2-4f51-a326-b8987f0ef7cc" />
    <UnitTestResult executionId="c8cdd1b2-0033-415a-bb0f-60dddfd7d3b5" testId="d809c290-749d-36ad-fbc1-6c435659e8e1" testName="Cupertino.Avalonia.Tests.TabGestureArbitrationTests.Vertical_scroll_takeover_uses_direction_lock_then_cancels_an_active_drag(dx: 40, dy: 12, dragging: True, expected: True)" computerName="MacBook-Pro-de-Javier-2" duration="00:00:00.0000151" startTime="2026-09-05T20:45:24.5604060+02:00" endTime="2026-09-05T20:45:24.5604410+02:00" testType="13cdc9d9-ddb5-4fa4-a97d-d965ccfc6d4b" outcome="Passed" testListId="8c84fa94-04c1-424b-9868-57a2d4851a1d" relativeResultsDirectory="c8cdd1b2-0033-415a-bb0f-60dddfd7d3b5" />
    <UnitTestResult executionId="3d5e148f-495e-4dc5-b1b7-ecff902fa1ad" testId="2d115408-81cc-5ef3-37fb-5f1b2f8b75fd" testName="Cupertino.Avalonia.Tests.CalendarThemeTests.Day_cells_are_44pt_square" computerName="MacBook-Pro-de-Javier-2" duration="00:00:00.0077362" startTime="2026-09-05T20:45:31.0503280+02:00" endTime="2026-09-05T20:45:31.0580830+02:00" testType="13cdc9d9-ddb5-4fa4-a97d-d965ccfc6d4b" outcome="Passed" testListId="8c84fa94-04c1-424b-9868-57a2d4851a1d" relativeResultsDirectory="3d5e148f-495e-4dc5-b1b7-ecff902fa1ad" />
    <UnitTestResult executionId="85cdde2a-fdfd-4ea3-b2df-02a1bf427cb2" testId="a23a5639-ed5f-4b17-ac9d-e28947d791a1" testName="Cupertino.Avalonia.Tests.SwipeViewTests.The_badge_caps_at_99_and_dots_below_zero" computerName="MacBook-Pro-de-Javier-2" duration="00:00:00.0002638" startTime="2026-09-05T20:45:30.2691340+02:00" endTime="2026-09-05T20:45:30.2694230+02:00" testType="13cdc9d9-ddb5-4fa4-a97d-d965ccfc6d4b" outcome="Passed" testListId="8c84fa94-04c1-424b-9868-57a2d4851a1d" relativeResultsDirectory="85cdde2a-fdfd-4ea3-b2df-02a1bf427cb2" />
    <UnitTestResult executionId="ebca7f10-32a7-4e6f-9358-c44effc48dde" testId="456bc422-5f31-4b93-f11d-35defdd4580e" testName="Cupertino.Avalonia.Tests.NavigationGestureTests.A_drag_that_starts_away_from_the_edge_does_nothing" computerName="MacBook-Pro-de-Javier-2" duration="00:00:00.0277646" startTime="2026-09-05T20:45:26.8385060+02:00" endTime="2026-09-05T20:45:26.8663080+02:00" testType="13cdc9d9-ddb5-4fa4-a97d-d965ccfc6d4b" outcome="Passed" testListId="8c84fa94-04c1-424b-9868-57a2d4851a1d" relativeResultsDirectory="ebca7f10-32a7-4e6f-9358-c44effc48dde" />
    <UnitTestResult executionId="f8c7c10b-f8b2-4d9d-819d-af605c61c970" testId="4fc944f6-805e-056c-6e8f-cf61e0f86e3a" testName="Cupertino.Avalonia.Tests.ExpanderTests.Collapsed_hides_the_content" computerName="MacBook-Pro-de-Javier-2" duration="00:00:00.0006869" startTime="2026-09-05T20:45:27.6834410+02:00" endTime="2026-09-05T20:45:27.6841430+02:00" testType="13cdc9d9-ddb5-4fa4-a97d-d965ccfc6d4b" outcome="Passed" testListId="8c84fa94-04c1-424b-9868-57a2d4851a1d" relativeResultsDirectory="f8c7c10b-f8b2-4d9d-819d-af605c61c970" />
    <UnitTestResult executionId="b5ca9738-6aba-4b25-93e8-aa42a648d391" testId="7f14f115-8455-a4e0-be55-c5a0cb333e41" testName="Cupertino.Avalonia.Tests.ThemeIntegrityTests.Bottom_tab_bar_fits_common_phone_widths(itemCount: 4, width: 375)" computerName="MacBook-Pro-de-Javier-2" duration="00:00:00.0008545" startTime="2026-09-05T20:45:34.8989210+02:00" endTime="2026-09-05T20:45:34.8997830+02:00" testType="13cdc9d9-ddb5-4fa4-a97d-d965ccfc6d4b" outcome="Passed" testListId="8c84fa94-04c1-424b-9868-57a2d4851a1d" relativeResultsDirectory="b5ca9738-6aba-4b25-93e8-aa42a648d391" />
    <UnitTestResult executionId="7d6f7602-ea4c-4f40-96be-93118aeb6938" testId="c29554f3-3979-8c6f-1eff-e0f0884fab9f" testName="Cupertino.Avalonia.Tests.ToolbarTests.Removing_an_item_detaches_it_from_the_generated_capsule" computerName="MacBook-Pro-de-Javier-2" duration="00:00:00.0010745" startTime="2026-09-05T20:45:30.2700060+02:00" endTime="2026-09-05T20:45:30.2711250+02:00" testType="13cdc9d9-ddb5-4fa4-a97d-d965ccfc6d4b" outcome="Passed" testListId="8c84fa94-04c1-424b-9868-57a2d4851a1d" relativeResultsDirectory="7d6f7602-ea4c-4f40-96be-93118aeb6938" />
    <UnitTestResult executionId="20ab7736-1695-4d0d-b63a-b5d1694d18d9" testId="f65f9465-376e-662e-3ccc-28ac8a1b55a2" testName="Cupertino.Avalonia.Tests.ToolbarTests.Items_without_a_spacer_share_one_capsule" computerName="MacBook-Pro-de-Javier-2" duration="00:00:00.0025658" startTime="2026-09-05T20:45:27.6543820+02:00" endTime="2026-09-05T20:45:27.6569800+02:00" testType="13cdc9d9-ddb5-4fa4-a97d-d965ccfc6d4b" outcome="Passed" testListId="8c84fa94-04c1-424b-9868-57a2d4851a1d" relativeResultsDirectory="20ab7736-1695-4d0d-b63a-b5d1694d18d9" />
    <UnitTestResult executionId="815fe816-eada-43c9-b62d-2971d35f5174" testId="a60c7631-ac93-064d-e28e-bd254c5c1a46" testName="Cupertino.Avalonia.Tests.NavigationPageTests.It_starts_at_the_root" computerName="MacBook-Pro-de-Javier-2" duration="00:00:00.0087619" startTime="2026-09-05T20:45:26.3155990+02:00" endTime="2026-09-05T20:45:26.3243970+02:00" testType="13cdc9d9-ddb5-4fa4-a97d-d965ccfc6d4b" outcome="Passed" testListId="8c84fa94-04c1-424b-9868-57a2d4851a1d" relativeResultsDirectory="815fe816-eada-43c9-b62d-2971d35f5174" />
    <UnitTestResult executionId="d459a16e-f2dc-4ca5-8025-42d943f05ced" testId="cd856d4c-44ad-8f54-c484-599c9a75244b" testName="Cupertino.Avalonia.Tests.TabTravelEdgeTests.A_leftward_hop_sprints_its_left_edge" computerName="MacBook-Pro-de-Javier-2" duration="00:00:00.0001156" startTime="2026-09-05T20:45:33.3286750+02:00" endTime="2026-09-05T20:45:33.3288060+02:00" testType="13cdc9d9-ddb5-4fa4-a97d-d965ccfc6d4b" outcome="Passed" testListId="8c84fa94-04c1-424b-9868-57a2d4851a1d" relativeResultsDirectory="d459a16e-f2dc-4ca5-8025-42d943f05ced" />
    <UnitTestResult executionId="6247311a-b149-4e2d-b9cf-df3a7f004efa" testId="31e83a67-a0fb-d8de-4aeb-5f1d464fcb87" testName="Cupertino.Avalonia.Tests.AuditLifecycleTests.Replacing_root_releases_the_previous_root" computerName="MacBook-Pro-de-Javier-2" duration="00:00:00.0007333" startTime="2026-09-05T20:45:34.0933560+02:00" endTime="2026-09-05T20:45:34.0940980+02:00" testType="13cdc9d9-ddb5-4fa4-a97d-d965ccfc6d4b" outcome="Passed" testListId="8c84fa94-04c1-424b-9868-57a2d4851a1d" relativeResultsDirectory="6247311a-b149-4e2d-b9cf-df3a7f004efa" />
    <UnitTestResult executionId="73b79780-1af1-4d24-83d4-0b3b18c79942" testId="516f057c-6702-0a44-f038-d7f27e250e0e" testName="Cupertino.Avalonia.Tests.PickerCompletenessTests.Countdown_mode_normalizes_unsafe_ranges_before_building_wheels" computerName="MacBook-Pro-de-Javier-2" duration="00:00:00.0020052" startTime="2026-09-05T20:45:30.2469160+02:00" endTime="2026-09-05T20:45:30.2489450+02:00" testType="13cdc9d9-ddb5-4fa4-a97d-d965ccfc6d4b" outcome="Passed" testListId="8c84fa94-04c1-424b-9868-57a2d4851a1d" relativeResultsDirectory="73b79780-1af1-4d24-83d4-0b3b18c79942" />
    <UnitTestResult executionId="969e7254-58f7-4541-ae58-33ccca35bc33" testId="8d9cc2be-b6ba-3344-9033-4e9ba7f78dfc" testName="Cupertino.Avalonia.Tests.WheelTests.A_non_looping_wheel_stops_at_its_ends" computerName="MacBook-Pro-de-Javier-2" duration="00:00:00.6102195" startTime="2026-09-05T20:45:25.5783100+02:00" endTime="2026-09-05T20:45:26.1886140+02:00" testType="13cdc9d9-ddb5-4fa4-a97d-d965ccfc6d4b" outcome="Passed" testListId="8c84fa94-04c1-424b-9868-57a2d4851a1d" relativeResultsDirectory="969e7254-58f7-4541-ae58-33ccca35bc33" />
    <UnitTestResult executionId="a4e04cd5-5097-4a28-80fd-b28aa93d57a0" testId="5634ec75-691e-18f3-0402-f9eb21bb2b17" testName="Cupertino.Avalonia.Tests.ThemeIntegrityTests.Disabling_tab_bar_interaction_disposes_an_active_drag" computerName="MacBook-Pro-de-Javier-2" duration="00:00:00.0018158" startTime="2026-09-05T20:45:34.9920360+02:00" endTime="2026-09-05T20:45:34.9938600+02:00" testType="13cdc9d9-ddb5-4fa4-a97d-d965ccfc6d4b" outcome="Passed" testListId="8c84fa94-04c1-424b-9868-57a2d4851a1d" relativeResultsDirectory="a4e04cd5-5097-4a28-80fd-b28aa93d57a0" />
    <UnitTestResult executionId="1a187e9a-9155-4c87-868a-db336a005a58" testId="df04a865-bbd2-7dcf-fc8d-2a0960fe307c" testName="Cupertino.Avalonia.Tests.BoundaryAndCollectionTests.Minute_rounding_respects_offset_adjusted_date_time_limits(maximum: False, offsetMinutes: 345, increment: 59)" computerName="MacBook-Pro-de-Javier-2" duration="00:00:00.0000374" startTime="2026-09-05T20:45:33.3991040+02:00" endTime="2026-09-05T20:45:33.3991540+02:00" testType="13cdc9d9-ddb5-4fa4-a97d-d965ccfc6d4b" outcome="Passed" testListId="8c84fa94-04c1-424b-9868-57a2d4851a1d" relativeResultsDirectory="1a187e9a-9155-4c87-868a-db336a005a58" />
    <UnitTestResult executionId="697e02a5-5e33-4d54-a8c3-a8868fa4bfc9" testId="9c65954c-8606-6a86-456b-3ddc0c319540" testName="Cupertino.Avalonia.Tests.CalendarTests.Calendar_normalizes_changed_year_bounds_and_rebuilds_the_wheel" computerName="MacBook-Pro-de-Javier-2" duration="00:00:00.0067473" startTime="2026-09-05T20:45:27.5834060+02:00" endTime="2026-09-05T20:45:27.5901760+02:00" testType="13cdc9d9-ddb5-4fa4-a97d-d965ccfc6d4b" outcome="Passed" testListId="8c84fa94-04c1-424b-9868-57a2d4851a1d" relativeResultsDirectory="697e02a5-5e33-4d54-a8c3-a8868fa4bfc9" />
    <UnitTestResult executionId="381fa3e0-712c-481a-ac49-de7d782d8cb8" testId="32efa36f-c1ec-3c77-efb6-20ba8e25be15" testName="Cupertino.Avalonia.Tests.ThemeCoverageTests.Every_styled_control_resolves_a_cupertino_theme(type: typeof(Avalonia.Controls.TextBox))" computerName="MacBook-Pro-de-Javier-2" duration="00:00:00.0007002" startTime="2026-09-05T20:45:34.8977550+02:00" endTime="2026-09-05T20:45:34.8984640+02:00" testType="13cdc9d9-ddb5-4fa4-a97d-d965ccfc6d4b" outcome="Passed" testListId="8c84fa94-04c1-424b-9868-57a2d4851a1d" relativeResultsDirectory="381fa3e0-712c-481a-ac49-de7d782d8cb8">
      <Output>
        <StdOut>TextBox: template built = True</StdOut>
      </Output>
    </UnitTestResult>
    <UnitTestResult executionId="f86d4f52-d6c6-4c92-bd53-05c2b267b0a4" testId="a9348e5b-eb21-428b-cf30-3cdfe41a4fc6" testName="Cupertino.Avalonia.Tests.ThemeCoverageTests.Every_styled_control_resolves_a_cupertino_theme(type: typeof(Avalonia.Controls.SplitButton))" computerName="MacBook-Pro-de-Javier-2" duration="00:00:00.0029438" startTime="2026-09-05T20:45:33.4675610+02:00" endTime="2026-09-05T20:45:33.4705190+02:00" testType="13cdc9d9-ddb5-4fa4-a97d-d965ccfc6d4b" outcome="Passed" testListId="8c84fa94-04c1-424b-9868-57a2d4851a1d" relativeResultsDirectory="f86d4f52-d6c6-4c92-bd53-05c2b267b0a4">
      <Output>
        <StdOut>SplitButton: template built = True</StdOut>
      </Output>
    </UnitTestResult>
    <UnitTestResult executionId="802307ec-78e3-44b9-873c-105b55b41691" testId="0610fbb7-8e85-adc4-903d-7e5f22fec5bb" testName="Cupertino.Avalonia.Tests.ThemeCoverageTests.Every_styled_control_resolves_a_cupertino_theme(type: typeof(Avalonia.Controls.Notifications.WindowNotificationManager))" computerName="MacBook-Pro-de-Javier-2" duration="00:00:00.0018239" startTime="2026-09-05T20:45:27.6638680+02:00" endTime="2026-09-05T20:45:27.6657130+02:00" testType="13cdc9d9-ddb5-4fa4-a97d-d965ccfc6d4b" outcome="Passed" testListId="8c84fa94-04c1-424b-9868-57a2d4851a1d" relativeResultsDirectory="802307ec-78e3-44b9-873c-105b55b41691">
      <Output>
        <StdOut>WindowNotificationManager: template built = True</StdOut>
      </Output>
    </UnitTestResult>
    <UnitTestResult executionId="f1e21f7a-2ba5-43ed-a8f9-a4c14cadacdd" testId="2099a2d9-c9b8-f418-aed7-6503b0c54a83" testName="Cupertino.Avalonia.Tests.TimePickerFormatTests.Date_time_picker_applies_its_minute_increment_to_the_shared_value" computerName="MacBook-Pro-de-Javier-2" duration="00:00:00.0011099" startTime="2026-09-05T20:45:30.1756820+02:00" endTime="2026-09-05T20:45:30.1768030+02:00" testType="13cdc9d9-ddb5-4fa4-a97d-d965ccfc6d4b" outcome="Passed" testListId="8c84fa94-04c1-424b-9868-57a2d4851a1d" relativeResultsDirectory="f1e21f7a-2ba5-43ed-a8f9-a4c14cadacdd" />
    <UnitTestResult executionId="ee67a2e4-29be-45fd-93c6-46876ea7803a" testId="0599f1c2-6860-fde8-c206-06a4c84d4b50" testName="Cupertino.Avalonia.Tests.ToolbarTests.Spacers_split_items_into_capsules" computerName="MacBook-Pro-de-Javier-2" duration="00:00:00.0008139" startTime="2026-09-05T20:45:30.1943150+02:00" endTime="2026-09-05T20:45:30.1951460+02:00" testType="13cdc9d9-ddb5-4fa4-a97d-d965ccfc6d4b" outcome="Passed" testListId="8c84fa94-04c1-424b-9868-57a2d4851a1d" relativeResultsDirectory="ee67a2e4-29be-45fd-93c6-46876ea7803a" />
    <UnitTestResult executionId="fc99da19-4318-46e1-a7c3-9d9de8095ede" testId="c46cc7a6-d5c1-35b7-826d-91862daa57a0" testName="Cupertino.Avalonia.Tests.HapticTests.Disabling_haptics_silences_them" computerName="MacBook-Pro-de-Javier-2" duration="00:00:00.0001416" startTime="2026-09-05T20:45:31.3185260+02:00" endTime="2026-09-05T20:45:31.3186850+02:00" testType="13cdc9d9-ddb5-4fa4-a97d-d965ccfc6d4b" outcome="Passed" testListId="8c84fa94-04c1-424b-9868-57a2d4851a1d" relativeResultsDirectory="fc99da19-4318-46e1-a7c3-9d9de8095ede" />
    <UnitTestResult executionId="89b547db-32db-4f92-af54-f89dbe7a997d" testId="59467a6f-c985-7e74-c43d-2c3518a5b43a" testName="Cupertino.Avalonia.Tests.ThemeIntegrityTests.Controls_do_not_tint_on_pointer_focus" computerName="MacBook-Pro-de-Javier-2" duration="00:00:00.0012014" startTime="2026-09-05T20:45:34.9084220+02:00" endTime="2026-09-05T20:45:34.9096470+02:00" testType="13cdc9d9-ddb5-4fa4-a97d-d965ccfc6d4b" outcome="Passed" testListId="8c84fa94-04c1-424b-9868-57a2d4851a1d" relativeResultsDirectory="89b547db-32db-4f92-af54-f89dbe7a997d" />
    <UnitTestResult executionId="29dd858f-5b16-4d26-919b-ded051187928" testId="a242dffd-f66e-1c9e-c15a-87bb569d73c9" testName="Cupertino.Avalonia.Tests.ThemeIntegrityTests.The_type_ramp_classes_set_their_sizes(cls: &quot;caption2&quot;, size: 11)" computerName="MacBook-Pro-de-Javier-2" duration="00:00:00.0003942" startTime="2026-09-05T20:45:30.2497360+02:00" endTime="2026-09-05T20:45:30.2501440+02:00" testType="13cdc9d9-ddb5-4fa4-a97d-d965ccfc6d4b" outcome="Passed" testListId="8c84fa94-04c1-424b-9868-57a2d4851a1d" relativeResultsDirectory="29dd858f-5b16-4d26-919b-ded051187928" />
    <UnitTestResult executionId="4f61403d-7ceb-40f3-a4c4-56687afd16c0" testId="b6b5858a-43d7-a317-8d5b-4027d55edb65" testName="Cupertino.Avalonia.Tests.NavigationCollapseCurveTests.The_handover_points_hold(offset: 36, large: 0, inline: 0)" computerName="MacBook-Pro-de-Javier-2" duration="00:00:00.0007931" startTime="2026-09-05T20:45:33.4846450+02:00" endTime="2026-09-05T20:45:33.4854520+02:00" testType="13cdc9d9-ddb5-4fa4-a97d-d965ccfc6d4b" outcome="Passed" testListId="8c84fa94-04c1-424b-9868-57a2d4851a1d" relativeResultsDirectory="4f61403d-7ceb-40f3-a4c4-56687afd16c0" />
    <UnitTestResult executionId="f68a8a99-4606-450d-adda-c282fabcb9b6" testId="96c69f76-9203-834f-afda-d75e68a81bd8" testName="Cupertino.Avalonia.Tests.CalendarTests.Bottom_bar_samples_the_content_under_the_bar_not_the_page_origin" computerName="MacBook-Pro-de-Javier-2" duration="00:00:00.0209926" startTime="2026-09-05T20:45:25.4500340+02:00" endTime="2026-09-05T20:45:25.4710740+02:00" testType="13cdc9d9-ddb5-4fa4-a97d-d965ccfc6d4b" outcome="Passed" testListId="8c84fa94-04c1-424b-9868-57a2d4851a1d" relativeResultsDirectory="f68a8a99-4606-450d-adda-c282fabcb9b6" />
    <UnitTestResult executionId="1f14db86-5678-45b8-b727-637c98aaa8f2" testId="487a594b-a0b7-45f7-8711-647622e34820" testName="Cupertino.Avalonia.Tests.InteractionTests.Stepper_respects_its_bounds" computerName="MacBook-Pro-de-Javier-2" duration="00:00:00.0056258" startTime="2026-09-05T20:45:32.1779290+02:00" endTime="2026-09-05T20:45:32.1835720+02:00" testType="13cdc9d9-ddb5-4fa4-a97d-d965ccfc6d4b" outcome="Passed" testListId="8c84fa94-04c1-424b-9868-57a2d4851a1d" relativeResultsDirectory="1f14db86-5678-45b8-b727-637c98aaa8f2" />
    <UnitTestResult executionId="081f7eec-d480-4a4e-aba1-7194456b1d23" testId="fd78e38c-b2ce-bff7-f84e-c84d238a61ad" testName="Cupertino.Avalonia.Tests.CalendarPagingTests.The_next_arrow_advances_the_month" computerName="MacBook-Pro-de-Javier-2" duration="00:00:00.0076272" startTime="2026-09-05T20:45:29.4779790+02:00" endTime="2026-09-05T20:45:29.4856380+02:00" testType="13cdc9d9-ddb5-4fa4-a97d-d965ccfc6d4b" outcome="Passed" testListId="8c84fa94-04c1-424b-9868-57a2d4851a1d" relativeResultsDirectory="081f7eec-d480-4a4e-aba1-7194456b1d23" />
    <UnitTestResult executionId="1885a412-a089-456c-aa31-bf56b1b2b90b" testId="f53220ec-cdbd-ffe4-3770-b7ae0690bfda" testName="Cupertino.Avalonia.Tests.AuditLifecycleTests.Date_time_picker_accepts_offset_extremes(year: 1, month: 1, day: 1, offsetHours: -1)" computerName="MacBook-Pro-de-Javier-2" duration="00:00:00.0012378" startTime="2026-09-05T20:45:31.2488550+02:00" endTime="2026-09-05T20:45:31.2501080+02:00" testType="13cdc9d9-ddb5-4fa4-a97d-d965ccfc6d4b" outcome="Passed" testListId="8c84fa94-04c1-424b-9868-57a2d4851a1d" relativeResultsDirectory="1885a412-a089-456c-aa31-bf56b1b2b90b" />
    <UnitTestResult executionId="4e746cd3-23ae-4a1c-bd35-f305c1342644" testId="fec12590-d781-740d-6402-476e53a5fde4" testName="Cupertino.Avalonia.Tests.NavigationTitleCentringTests.A_custom_accessory_temporarily_wins_and_the_detached_tab_returns_when_cleared" computerName="MacBook-Pro-de-Javier-2" duration="00:00:00.0017673" startTime="2026-09-05T20:45:33.3301780+02:00" endTime="2026-09-05T20:45:33.3319550+02:00" testType="13cdc9d9-ddb5-4fa4-a97d-d965ccfc6d4b" outcome="Passed" testListId="8c84fa94-04c1-424b-9868-57a2d4851a1d" relativeResultsDirectory="4e746cd3-23ae-4a1c-bd35-f305c1342644" />
    <UnitTestResult executionId="e81541d4-ca08-4c99-88c9-bfb54dd7f659" testId="73d4ba2c-6b70-f117-8cb0-11eab9884105" testName="Cupertino.Avalonia.Tests.WheelTests.Tapping_a_visible_row_selects_it" computerName="MacBook-Pro-de-Javier-2" duration="00:00:00.6033843" startTime="2026-09-05T20:45:26.8883820+02:00" endTime="2026-09-05T20:45:27.4918060+02:00" testType="13cdc9d9-ddb5-4fa4-a97d-d965ccfc6d4b" outcome="Passed" testListId="8c84fa94-04c1-424b-9868-57a2d4851a1d" relativeResultsDirectory="e81541d4-ca08-4c99-88c9-bfb54dd7f659" />
    <UnitTestResult executionId="c791ebf2-8b77-4128-981c-7d70b329d4bf" testId="a2589954-1f63-4311-f8d7-ff3e2b97a61f" testName="Cupertino.Avalonia.Tests.ThemeCoverageTests.Every_styled_control_resolves_a_cupertino_theme(type: typeof(Avalonia.Controls.Carousel))" computerName="MacBook-Pro-de-Javier-2" duration="00:00:00.0027575" startTime="2026-09-05T20:45:34.8844110+02:00" endTime="2026-09-05T20:45:34.8871760+02:00" testType="13cdc9d9-ddb5-4fa4-a97d-d965ccfc6d4b" outcome="Passed" testListId="8c84fa94-04c1-424b-9868-57a2d4851a1d" relativeResultsDirectory="c791ebf2-8b77-4128-981c-7d70b329d4bf">
      <Output>
        <StdOut>Carousel: template built = True</StdOut>
      </Output>
    </UnitTestResult>
    <UnitTestResult executionId="12ae34ca-f665-4691-92a8-85351093063e" testId="dda5e004-11b8-ba1c-2e92-0c69619b59e5" testName="Cupertino.Avalonia.Tests.NewPrimitiveTests.Search_view_observes_scope_mutations_and_clamps_selection" computerName="MacBook-Pro-de-Javier-2" duration="00:00:00.0082314" startTime="2026-09-05T20:45:28.7812070+02:00" endTime="2026-09-05T20:45:28.7894620+02:00" testType="13cdc9d9-ddb5-4fa4-a97d-d965ccfc6d4b" outcome="Passed" testListId="8c84fa94-04c1-424b-9868-57a2d4851a1d" relativeResultsDirectory="12ae34ca-f665-4691-92a8-85351093063e" />
    <UnitTestResult executionId="f0237680-30e8-4924-babb-4e4406a51d32" testId="ca2909b0-9390-fff1-0493-0c43e335ef8d" testName="Cupertino.Avalonia.Tests.AuditLifecycleTests.Date_popup_tracks_bounds_weekday_and_rapid_reopen" computerName="MacBook-Pro-de-Javier-2" duration="00:00:00.0031215" startTime="2026-09-05T20:45:34.0429940+02:00" endTime="2026-09-05T20:45:34.0461280+02:00" testType="13cdc9d9-ddb5-4fa4-a97d-d965ccfc6d4b" outcome="Passed" testListId="8c84fa94-04c1-424b-9868-57a2d4851a1d" relativeResultsDirectory="f0237680-30e8-4924-babb-4e4406a51d32" />
    <UnitTestResult executionId="61a920db-d5a5-4f45-8d0f-0ac908921a04" testId="b96eab4a-9c82-7483-ccef-e488bd21ecc2" testName="Cupertino.Avalonia.Tests.ThemeIntegrityTests.The_type_ramp_classes_set_their_sizes(cls: &quot;headline&quot;, size: 17)" computerName="MacBook-Pro-de-Javier-2" duration="00:00:00.0005934" startTime="2026-09-05T20:45:30.1713910+02:00" endTime="2026-09-05T20:45:30.1720130+02:00" testType="13cdc9d9-ddb5-4fa4-a97d-d965ccfc6d4b" outcome="Passed" testListId="8c84fa94-04c1-424b-9868-57a2d4851a1d" relativeResultsDirectory="61a920db-d5a5-4f45-8d0f-0ac908921a04" />
    <UnitTestResult executionId="303540ef-5b72-44cc-8963-851b8bd217ed" testId="d95f94ba-c7b0-6937-c246-5a0b4d4d335b" testName="Cupertino.Avalonia.Tests.AuditLifecycleTests.Attached_button_transitions_follow_reduce_motion_changes" computerName="MacBook-Pro-de-Javier-2" duration="00:00:00.0351581" startTime="2026-09-05T20:45:33.4987940+02:00" endTime="2026-09-05T20:45:33.5339780+02:00" testType="13cdc9d9-ddb5-4fa4-a97d-d965ccfc6d4b" outcome="Passed" testListId="8c84fa94-04c1-424b-9868-57a2d4851a1d" relativeResultsDirectory="303540ef-5b72-44cc-8963-851b8bd217ed" />
    <UnitTestResult executionId="08818389-2a19-4e47-ad68-821f2bddd012" testId="34bcda19-cc28-ee04-2809-fa1497c2580a" testName="Cupertino.Avalonia.Tests.TreeDumpTests.Dump_dialog_action_button_tree" computerName="MacBook-Pro-de-Javier-2" duration="00:00:00.0059786" startTime="2026-09-05T20:45:30.3270460+02:00" endTime="2026-09-05T20:45:30.3330400+02:00" testType="13cdc9d9-ddb5-4fa4-a97d-d965ccfc6d4b" outcome="Passed" testListId="8c84fa94-04c1-424b-9868-57a2d4851a1d" relativeResultsDirectory="08818389-2a19-4e47-ad68-821f2bddd012">
      <Output>
        <StdOut>button theme: ControlTheme key-corner 23,23,23,23
--- HOVERED: every background in the dialog ---
  ItemsControl         0, 69, 276, 46 bg=Transparent
  Border               0, 0, 276, 46 bg=Transparent
  Button               4, 0, 130, 46 bg=Transparent
  Border               0, 0, 130, 46 bg=#26787880
  Button               4, 0, 130, 46 bg=Transparent
  Border               0, 0, 130, 46 bg=#26787880
--- button subtree ---
  Button                 bounds=4, 0, 130, 46 bg=Transparent radius=
  Panel                  bounds=0, 0, 130, 46 bg=- radius=
  Border                 bounds=0, 0, 130, 46 bg=#26787880 radius=23,23,23,23
  ContentPresenter       bounds=0, 0, 130, 46 bg=- radius=0,0,0,0
  TextBlock              bounds=14, 12, 102, 22 bg=- radius=
  Border                 bounds=0, 0, 0, 0 bg=- radius=23,23,23,23</StdOut>
      </Output>
    </UnitTestResult>
    <UnitTestResult executionId="bbfbcdc0-f8eb-4ff6-a3d8-7d4f1f10c3f0" testId="481adfcf-4c06-318c-1a30-b34284af388a" testName="Cupertino.Avalonia.Tests.AuditRegressionTests.Month_grid_remeasures_when_row_count_changes" computerName="MacBook-Pro-de-Javier-2" duration="00:00:00.0430814" startTime="2026-09-05T20:45:34.1586950+02:00" endTime="2026-09-05T20:45:34.2017930+02:00" testType="13cdc9d9-ddb5-4fa4-a97d-d965ccfc6d4b" outcome="Passed" testListId="8c84fa94-04c1-424b-9868-57a2d4851a1d" relativeResultsDirectory="bbfbcdc0-f8eb-4ff6-a3d8-7d4f1f10c3f0" />
    <UnitTestResult executionId="a2ef455f-2330-4944-84aa-93297822a96f" testId="0712dcaf-ad3e-0e8a-8747-e6c733f1b062" testName="Cupertino.Avalonia.Tests.AuditRegressionTests.Full_swipe_honors_command_parameters_eligibility_and_handled_clicks(canExecute: True, handleClick: True, expected: 0)" computerName="MacBook-Pro-de-Javier-2" duration="00:00:00.0016880" startTime="2026-09-05T20:45:33.0363820+02:00" endTime="2026-09-05T20:45:33.0380860+02:00" testType="13cdc9d9-ddb5-4fa4-a97d-d965ccfc6d4b" outcome="Passed" testListId="8c84fa94-04c1-424b-9868-57a2d4851a1d" relativeResultsDirectory="a2ef455f-2330-4944-84aa-93297822a96f" />
    <UnitTestResult executionId="432dc3f0-8cf0-4c0f-b7fc-e6f9c57604dc" testId="ded64e4b-a79c-8c4e-8e25-1a8982dda3c1" testName="Cupertino.Avalonia.Tests.ThemeCoverageTests.Every_styled_control_resolves_a_cupertino_theme(type: typeof(Avalonia.Controls.Expander))" computerName="MacBook-Pro-de-Javier-2" duration="00:00:00.0005232" startTime="2026-09-05T20:45:34.2923250+02:00" endTime="2026-09-05T20:45:34.2928680+02:00" testType="13cdc9d9-ddb5-4fa4-a97d-d965ccfc6d4b" outcome="Passed" testListId="8c84fa94-04c1-424b-9868-57a2d4851a1d" relativeResultsDirectory="432dc3f0-8cf0-4c0f-b7fc-e6f9c57604dc">
      <Output>
        <StdOut>Expander: template built = True</StdOut>
      </Output>
    </UnitTestResult>
    <UnitTestResult executionId="458d0cfd-aa93-4f3e-88ae-593ee663d597" testId="c820de36-bf82-fc6a-e950-6701dc0dd1a8" testName="Cupertino.Avalonia.Tests.AuditRegressionTests.Initially_open_picker_opens_after_template_is_applied" computerName="MacBook-Pro-de-Javier-2" duration="00:00:00.0014541" startTime="2026-09-05T20:45:34.0955220+02:00" endTime="2026-09-05T20:45:34.0969920+02:00" testType="13cdc9d9-ddb5-4fa4-a97d-d965ccfc6d4b" outcome="Passed" testListId="8c84fa94-04c1-424b-9868-57a2d4851a1d" relativeResultsDirectory="458d0cfd-aa93-4f3e-88ae-593ee663d597" />
    <UnitTestResult executionId="8c780dad-012e-4ed5-825d-702e3d1cdc08" testId="32875190-0ecf-0095-1c93-bc0e48ee0a5b" testName="Cupertino.Avalonia.Tests.TabTravelHopLengthTests.A_single_tab_hop_still_stretches_less" computerName="MacBook-Pro-de-Javier-2" duration="00:00:00.0006851" startTime="2026-09-05T20:45:26.2024560+02:00" endTime="2026-09-05T20:45:26.2032150+02:00" testType="13cdc9d9-ddb5-4fa4-a97d-d965ccfc6d4b" outcome="Passed" testListId="8c84fa94-04c1-424b-9868-57a2d4851a1d" relativeResultsDirectory="8c780dad-012e-4ed5-825d-702e3d1cdc08" />
    <UnitTestResult executionId="02519859-714b-4aa0-802c-7e762a6dee22" testId="f5f680b7-18d0-1e0c-4f4d-436c1aa1b1f4" testName="Cupertino.Avalonia.Tests.InteractionTests.Split_view_uses_template_settings_for_each_mode_and_placement(displayMode: CompactOverlay, isPaneOpen: True, paneLength: 100, contentInset: 40)" computerName="MacBook-Pro-de-Javier-2" duration="00:00:00.0020485" startTime="2026-09-05T20:45:27.6575860+02:00" endTime="2026-09-05T20:45:27.6596510+02:00" testType="13cdc9d9-ddb5-4fa4-a97d-d965ccfc6d4b" outcome="Passed" testListId="8c84fa94-04c1-424b-9868-57a2d4851a1d" relativeResultsDirectory="02519859-714b-4aa0-802c-7e762a6dee22" />
    <UnitTestResult executionId="039077b2-5982-4b4e-826b-cd2abc52cccc" testId="cf14305a-be2f-4308-f228-e22e18743751" testName="Cupertino.Avalonia.Tests.ThemeIntegrityTests.A_bottom_tab_strip_carries_the_drag_indicator_too" computerName="MacBook-Pro-de-Javier-2" duration="00:00:00.0009666" startTime="2026-09-05T20:45:34.9873530+02:00" endTime="2026-09-05T20:45:34.9883290+02:00" testType="13cdc9d9-ddb5-4fa4-a97d-d965ccfc6d4b" outcome="Passed" testListId="8c84fa94-04c1-424b-9868-57a2d4851a1d" relativeResultsDirectory="039077b2-5982-4b4e-826b-cd2abc52cccc" />
    <UnitTestResult executionId="28aef4f3-60ff-42b3-9b46-1b60f7c505fa" testId="cb857256-bd24-ab24-4489-afda24327f56" testName="Cupertino.Avalonia.Tests.NavigationPageTests.Popping_returns_to_the_root" computerName="MacBook-Pro-de-Javier-2" duration="00:00:00.0019868" startTime="2026-09-05T20:45:31.2622640+02:00" endTime="2026-09-05T20:45:31.2642760+02:00" testType="13cdc9d9-ddb5-4fa4-a97d-d965ccfc6d4b" outcome="Passed" testListId="8c84fa94-04c1-424b-9868-57a2d4851a1d" relativeResultsDirectory="28aef4f3-60ff-42b3-9b46-1b60f7c505fa" />
    <UnitTestResult executionId="4f0f8d6f-4a28-4d47-9725-a499ae8dad20" testId="64f7c4b5-0681-1817-ca60-1f0247f31b9b" testName="Cupertino.Avalonia.Tests.NavigationTitleCentringTests.A_detached_tab_moves_to_the_circle_and_still_selects" computerName="MacBook-Pro-de-Javier-2" duration="00:00:00.0042237" startTime="2026-09-05T20:45:31.2680610+02:00" endTime="2026-09-05T20:45:31.2723050+02:00" testType="13cdc9d9-ddb5-4fa4-a97d-d965ccfc6d4b" outcome="Passed" testListId="8c84fa94-04c1-424b-9868-57a2d4851a1d" relativeResultsDirectory="4f0f8d6f-4a28-4d47-9725-a499ae8dad20" />
    <UnitTestResult executionId="0ef9b09e-3476-40ba-9608-a925ac695972" testId="7634fbb4-80e1-aabc-7268-a18919283ed4" testName="Cupertino.Avalonia.Tests.TimePickerFormatTests.The_label_follows_the_clock_identifier(clock: &quot;12HourClock&quot;, h: 14, m: 30, expected: &quot;2:30&quot;)" computerName="MacBook-Pro-de-Javier-2" duration="00:00:00.0004772" startTime="2026-09-05T20:45:26.2136090+02:00" endTime="2026-09-05T20:45:26.2141150+02:00" testType="13cdc9d9-ddb5-4fa4-a97d-d965ccfc6d4b" outcome="Passed" testListId="8c84fa94-04c1-424b-9868-57a2d4851a1d" relativeResultsDirectory="0ef9b09e-3476-40ba-9608-a925ac695972" />
    <UnitTestResult executionId="1a653606-bd69-4f1e-9721-68fbdbbeb045" testId="92eb9317-e487-99a1-60d4-f268173c4051" testName="Cupertino.Avalonia.Tests.ExpanderTests.Toggling_the_header_expands_it" computerName="MacBook-Pro-de-Javier-2" duration="00:00:00.0012394" startTime="2026-09-05T20:45:28.7961260+02:00" endTime="2026-09-05T20:45:28.7973860+02:00" testType="13cdc9d9-ddb5-4fa4-a97d-d965ccfc6d4b" outcome="Passed" testListId="8c84fa94-04c1-424b-9868-57a2d4851a1d" relativeResultsDirectory="1a653606-bd69-4f1e-9721-68fbdbbeb045" />
    <UnitTestResult executionId="e6665dbd-a742-4c2c-913c-4434fd544c53" testId="baa59a40-939b-6d51-f3c9-e73fa4108d8d" testName="Cupertino.Avalonia.Tests.ThemeIntegrityTests.Every_declared_brush_resolves(variantName: &quot;Light&quot;)" computerName="MacBook-Pro-de-Javier-2" duration="00:00:00.0007341" startTime="2026-09-05T20:45:34.9204940+02:00" endTime="2026-09-05T20:45:34.9212480+02:00" testType="13cdc9d9-ddb5-4fa4-a97d-d965ccfc6d4b" outcome="Passed" testListId="8c84fa94-04c1-424b-9868-57a2d4851a1d" relativeResultsDirectory="e6665dbd-a742-4c2c-913c-4434fd544c53" />
[...]
    <TestEntry testId="4705f2c6-3937-1673-399a-4199738de6ea" executionId="b96ad84b-7390-4796-8ce6-5cad85dc0c0c" testListId="8c84fa94-04c1-424b-9868-57a2d4851a1d" />
    <TestEntry testId="0b4505c9-fa41-d2b1-ce26-61ce84a894e7" executionId="f0302bce-5552-47ba-90a6-64323d7f06f0" testListId="8c84fa94-04c1-424b-9868-57a2d4851a1d" />
    <TestEntry testId="c37fa4d8-7832-e00c-864a-c74dbb22ad26" executionId="4494c415-477b-448b-b10f-a6b91a0f73a1" testListId="8c84fa94-04c1-424b-9868-57a2d4851a1d" />
    <TestEntry testId="d595aef7-ffc7-3b48-2d33-ba52d3d0cbe8" executionId="b7ee8bae-7644-4d8f-ac87-74010600a2b3" testListId="8c84fa94-04c1-424b-9868-57a2d4851a1d" />
    <TestEntry testId="87589b43-b0bb-4443-b34e-c3bcc5100de5" executionId="fa603764-c11c-4acb-9df0-1e94db807f60" testListId="8c84fa94-04c1-424b-9868-57a2d4851a1d" />
    <TestEntry testId="7497b5df-ed36-7e0f-6487-c07410455af4" executionId="961ae3e6-bb9f-409a-96b9-f57767055a69" testListId="8c84fa94-04c1-424b-9868-57a2d4851a1d" />
    <TestEntry testId="ad0f4f60-7940-c152-06ea-9df0267517b6" executionId="28195362-8841-460f-bd0e-784df7dc297f" testListId="8c84fa94-04c1-424b-9868-57a2d4851a1d" />
    <TestEntry testId="25ddaf39-dbf8-4b4b-09ad-31f34fc30c95" executionId="5884c227-9b87-4ac1-8ee9-1e332905d3d6" testListId="8c84fa94-04c1-424b-9868-57a2d4851a1d" />
    <TestEntry testId="28d1dc78-fe51-c065-b7ff-457de1ed2220" executionId="1026d015-79f4-4a03-9195-99be8e10c455" testListId="8c84fa94-04c1-424b-9868-57a2d4851a1d" />
    <TestEntry testId="77f80c55-7923-d95f-c77a-ebbc19384836" executionId="a3402238-4722-4772-ae0e-d7db691e669c" testListId="8c84fa94-04c1-424b-9868-57a2d4851a1d" />
    <TestEntry testId="c40eee23-9f2a-db4f-4378-b17fd9f6f790" executionId="19544da9-9430-4150-b43d-0f3dc50d9503" testListId="8c84fa94-04c1-424b-9868-57a2d4851a1d" />
    <TestEntry testId="0f7625d8-ca0a-2f9b-2fe8-4d301ce03fa1" executionId="232b2f4b-ea40-47ed-9319-a0b52609ce6a" testListId="8c84fa94-04c1-424b-9868-57a2d4851a1d" />
    <TestEntry testId="263b5db7-65cb-e3c6-a7e8-6b4773614eb9" executionId="c7ec4601-a206-49c6-957b-132356a675bd" testListId="8c84fa94-04c1-424b-9868-57a2d4851a1d" />
    <TestEntry testId="510816e7-dcf3-14c0-6c5c-3d823ad4b25d" executionId="d093eb9e-d243-4531-b1a1-47f632e6b0fb" testListId="8c84fa94-04c1-424b-9868-57a2d4851a1d" />
    <TestEntry testId="81282e61-dd58-3cb3-ce9b-d71a901e8e1e" executionId="02c7e0b6-8303-4a21-bbbd-1d7c62442832" testListId="8c84fa94-04c1-424b-9868-57a2d4851a1d" />
    <TestEntry testId="748f1807-9205-1be2-96aa-8312b0453822" executionId="dc6c436e-91c3-4fc2-8eb3-c1e2429deaf4" testListId="8c84fa94-04c1-424b-9868-57a2d4851a1d" />
    <TestEntry testId="6d24a386-110f-d432-e58c-7c7979626d8e" executionId="7c8d5050-59fa-43bc-bd50-63f770025359" testListId="8c84fa94-04c1-424b-9868-57a2d4851a1d" />
    <TestEntry testId="b1b7edfa-daf8-e763-61be-9ae664b8d7ce" executionId="c1c88d0a-2b5d-4037-bf65-3d576b8fbcda" testListId="8c84fa94-04c1-424b-9868-57a2d4851a1d" />
    <TestEntry testId="54db7bb7-f649-453e-250d-9005b8a1069b" executionId="4d815f8f-d267-45ba-a47d-b91082795383" testListId="8c84fa94-04c1-424b-9868-57a2d4851a1d" />
    <TestEntry testId="a2a2e43c-2586-6b36-4ae9-002df7ae4ab2" executionId="efaa2afb-a0bb-4b79-b9bf-0bc27d5032cc" testListId="8c84fa94-04c1-424b-9868-57a2d4851a1d" />
    <TestEntry testId="ce686509-e7d1-5ef8-61ba-da2773d3cfe1" executionId="c48718f9-7ad2-40d6-827d-f11592f25d17" testListId="8c84fa94-04c1-424b-9868-57a2d4851a1d" />
    <TestEntry testId="bda88edc-ae47-20cc-b80a-3aa2b894f9e6" executionId="ee9e4566-518b-4acc-8e37-2e9c105ed575" testListId="8c84fa94-04c1-424b-9868-57a2d4851a1d" />
    <TestEntry testId="65547b5c-af45-0fae-4b22-ca66830e14c0" executionId="9fdcea8e-8568-47e6-8931-84ffbb6c2a38" testListId="8c84fa94-04c1-424b-9868-57a2d4851a1d" />
    <TestEntry testId="b12a9b9f-6e85-3155-0762-9cb39e8bd232" executionId="ff7eb2be-5b48-48ba-b066-c66dafbec3b8" testListId="8c84fa94-04c1-424b-9868-57a2d4851a1d" />
    <TestEntry testId="0796b06d-a0fb-0a37-ab77-993b21ae340d" executionId="b3999532-98f5-4164-9e14-8d0c50e5948f" testListId="8c84fa94-04c1-424b-9868-57a2d4851a1d" />
    <TestEntry testId="9821e6bc-6102-441e-631f-37d5e9bf3204" executionId="b660b6fa-8f6f-4339-afd9-9a2c75c08e38" testListId="8c84fa94-04c1-424b-9868-57a2d4851a1d" />
    <TestEntry testId="2d9276e9-2239-97c5-6b8b-9c221f6b44be" executionId="b102ba62-0b8a-471e-b107-545514769b05" testListId="8c84fa94-04c1-424b-9868-57a2d4851a1d" />
    <TestEntry testId="de67432a-f4c6-7cc2-ce0e-98ce213c557f" executionId="85abd4bb-cb29-45c5-8b8d-ffc2ae6beb32" testListId="8c84fa94-04c1-424b-9868-57a2d4851a1d" />
    <TestEntry testId="2f7de82c-c33a-aa0c-b372-296562d45ec3" executionId="30ac9250-b377-4380-8868-3a8ac195464b" testListId="8c84fa94-04c1-424b-9868-57a2d4851a1d" />
    <TestEntry testId="77a2ea60-dd9f-9e79-4c4c-065edd03bfec" executionId="6cf0a95f-81ce-48d0-9f8f-a0fecf1f1080" testListId="8c84fa94-04c1-424b-9868-57a2d4851a1d" />
    <TestEntry testId="f8f5b0b3-4f9a-c73d-74c7-3b0b830681bd" executionId="720589e1-cb51-4727-a48a-3dc9bb11af14" testListId="8c84fa94-04c1-424b-9868-57a2d4851a1d" />
    <TestEntry testId="cb305e80-2266-cefe-a7e4-1f3fd8e902dc" executionId="c580da23-6ad8-49bc-8302-fca05b1ba196" testListId="8c84fa94-04c1-424b-9868-57a2d4851a1d" />
    <TestEntry testId="90a25ad8-eecb-e8bf-4151-93431c1842f3" executionId="54b6a494-8ec4-491a-b727-4c0e042be190" testListId="8c84fa94-04c1-424b-9868-57a2d4851a1d" />
    <TestEntry testId="69abc7dc-2d97-9809-8a56-373fe6d410ae" executionId="24da85cf-a94b-48d6-9503-f0d55d58bb4c" testListId="8c84fa94-04c1-424b-9868-57a2d4851a1d" />
    <TestEntry testId="b4d18a15-c187-17a3-c860-ff1e932d8bf5" executionId="7d0e519e-9be5-4aa2-8963-880daa36ada8" testListId="8c84fa94-04c1-424b-9868-57a2d4851a1d" />
    <TestEntry testId="fc8a1875-905c-c5b7-b127-e7d88b942af3" executionId="c2693cf5-4e39-4b0a-bf64-67c8b0b7230a" testListId="8c84fa94-04c1-424b-9868-57a2d4851a1d" />
    <TestEntry testId="6cb851fe-6ba8-2409-fdc7-41a369765fe7" executionId="9a75e01a-29f9-44a1-ad86-39409f0772c1" testListId="8c84fa94-04c1-424b-9868-57a2d4851a1d" />
    <TestEntry testId="95ecadea-8c06-9135-bdda-1c85e99fac6c" executionId="f8847168-e20e-4081-8cc7-3a7943401169" testListId="8c84fa94-04c1-424b-9868-57a2d4851a1d" />
    <TestEntry testId="6f819b3c-c1ff-2562-7cea-4eb391145ba0" executionId="77c74a65-4805-455d-ba0a-b56d7030bbdd" testListId="8c84fa94-04c1-424b-9868-57a2d4851a1d" />
    <TestEntry testId="52b3cbff-0539-d91c-2945-457db95d10f2" executionId="5b1dd578-6a7f-4ebd-a4c8-a6c0cef148e8" testListId="8c84fa94-04c1-424b-9868-57a2d4851a1d" />
    <TestEntry testId="bc567f17-268a-2ece-0b82-d234bb74971a" executionId="e184304f-f4ba-402b-bebd-c83c3a6c49f7" testListId="8c84fa94-04c1-424b-9868-57a2d4851a1d" />
    <TestEntry testId="2e2e4b50-2e60-4980-9e3d-35058be34a81" executionId="c00925d0-cd17-4cf5-80f3-0ee06db26700" testListId="8c84fa94-04c1-424b-9868-57a2d4851a1d" />
    <TestEntry testId="8d8dc264-f5b6-70d0-c8c4-abf151b96229" executionId="2b9d4b8e-0209-4557-ad8a-4dc66069aa14" testListId="8c84fa94-04c1-424b-9868-57a2d4851a1d" />
    <TestEntry testId="7f6ca51d-272b-6f31-8716-467d67e16039" executionId="fcf69e4a-9192-48a7-9389-37d7595963a5" testListId="8c84fa94-04c1-424b-9868-57a2d4851a1d" />
    <TestEntry testId="3f5e324c-3c0e-03e4-4736-95415e972d3e" executionId="4a9f5f28-b287-4195-ad26-ca815ddbb03f" testListId="8c84fa94-04c1-424b-9868-57a2d4851a1d" />
    <TestEntry testId="b1a04b10-e189-94a2-23a5-ecc42981f91f" executionId="9b816210-1446-4c90-a7bc-e178c4e614d1" testListId="8c84fa94-04c1-424b-9868-57a2d4851a1d" />
    <TestEntry testId="0547fabf-a930-b349-fde2-ffb24e04df91" executionId="5c117432-231a-4120-965d-cfda59fab407" testListId="8c84fa94-04c1-424b-9868-57a2d4851a1d" />
    <TestEntry testId="b96809dc-c2e3-e188-f6e6-d0f8b5348ac1" executionId="443c95a1-f494-41af-aa94-45ddf98ebd2f" testListId="8c84fa94-04c1-424b-9868-57a2d4851a1d" />
    <TestEntry testId="2833eeba-0a8b-b033-e1f1-7a9135638c89" executionId="7cc0d3a1-8fc3-40f3-8f14-735b8865e961" testListId="8c84fa94-04c1-424b-9868-57a2d4851a1d" />
    <TestEntry testId="3f60b816-6f71-f997-1b0e-5dcdf17b4381" executionId="5cf1b1a1-85cf-4f94-887c-2b4d0ccb4779" testListId="8c84fa94-04c1-424b-9868-57a2d4851a1d" />
    <TestEntry testId="7ebea551-f2cc-b6f6-c1f0-c057f603abd9" executionId="3485cb79-db2d-43ba-ab43-30eee975d7fc" testListId="8c84fa94-04c1-424b-9868-57a2d4851a1d" />
    <TestEntry testId="7feb3ec7-60eb-bad2-7b0e-5457ba224828" executionId="784e9b9e-18b1-4745-9546-ca37b2eb614a" testListId="8c84fa94-04c1-424b-9868-57a2d4851a1d" />
    <TestEntry testId="9e474de1-b807-24fc-167e-cba69f831c5d" executionId="92a180f8-8dd5-4664-a49a-557e6debdfd3" testListId="8c84fa94-04c1-424b-9868-57a2d4851a1d" />
    <TestEntry testId="20260b48-0fb2-0cf8-06b6-e64da2c86d2d" executionId="28748893-741c-4552-9576-4fb6b38c3a5f" testListId="8c84fa94-04c1-424b-9868-57a2d4851a1d" />
    <TestEntry testId="c03990f2-3cdd-ff2f-2636-797a5792a35c" executionId="c59cc2b4-4c51-4524-b8a5-6a8c698fad1a" testListId="8c84fa94-04c1-424b-9868-57a2d4851a1d" />
    <TestEntry testId="719d511f-219e-39dc-3ef8-66f68860930d" executionId="a7e38899-5adb-4746-86c2-9d93bfaa2ae8" testListId="8c84fa94-04c1-424b-9868-57a2d4851a1d" />
    <TestEntry testId="13f8f768-0db2-a88a-d6df-58598de14b72" executionId="d957e0a9-f7f0-4bb3-b97f-de29bb06d333" testListId="8c84fa94-04c1-424b-9868-57a2d4851a1d" />
    <TestEntry testId="d5fe4b60-bfe2-1b69-7e67-017e41b31217" executionId="b0f54ca4-7f10-46da-9d64-9d6afc3d0127" testListId="8c84fa94-04c1-424b-9868-57a2d4851a1d" />
    <TestEntry testId="23b3acd7-7606-2f5d-475c-9217eb7ab177" executionId="c51d5fe7-a68a-418c-804c-0dadc812f171" testListId="8c84fa94-04c1-424b-9868-57a2d4851a1d" />
    <TestEntry testId="bb872c80-da73-5d7a-8e38-88a25c9fdc67" executionId="8a983f3b-cc2f-4ac9-ab0e-d945627dcd8b" testListId="8c84fa94-04c1-424b-9868-57a2d4851a1d" />
    <TestEntry testId="ef197955-8e94-e368-7d7d-b1af648ed6c5" executionId="d5c2c0a9-793e-43d4-b630-0f2d2454abf6" testListId="8c84fa94-04c1-424b-9868-57a2d4851a1d" />
    <TestEntry testId="ee326ccc-6dba-650a-9964-6357451307ca" executionId="d6936c49-0f00-4800-8048-01d0c1a04248" testListId="8c84fa94-04c1-424b-9868-57a2d4851a1d" />
    <TestEntry testId="829f4078-0710-9d53-95b4-c0843a07d6bc" executionId="549b6401-f713-4b10-ae7c-f659f754d62a" testListId="8c84fa94-04c1-424b-9868-57a2d4851a1d" />
    <TestEntry testId="7eee7dfc-4008-bbc9-1b94-50c565f04fb0" executionId="a311e067-60b4-431f-a70a-8fa5a8544a0e" testListId="8c84fa94-04c1-424b-9868-57a2d4851a1d" />
    <TestEntry testId="ba2139ac-e77c-025a-593e-49fd09dac710" executionId="9f7bb7f5-1f1d-4649-a7f0-ebd6a8b4a1e1" testListId="8c84fa94-04c1-424b-9868-57a2d4851a1d" />
    <TestEntry testId="37bf5864-aa01-72fe-05a1-5f46abacb652" executionId="9c08d2c6-f8dc-4dfc-853f-b5346e45bd8a" testListId="8c84fa94-04c1-424b-9868-57a2d4851a1d" />
    <TestEntry testId="908f0509-ce4c-2fcb-56b8-ab094286aae4" executionId="6c3d27cd-1a99-41fb-b112-2ba199c83e60" testListId="8c84fa94-04c1-424b-9868-57a2d4851a1d" />
    <TestEntry testId="e70bbfb3-4db4-b26a-4f92-b8fa1c8d9f7b" executionId="edfa0184-5e63-4ebe-8f05-f48b32038819" testListId="8c84fa94-04c1-424b-9868-57a2d4851a1d" />
    <TestEntry testId="a40e7cd7-7190-694f-4e14-d6d4f5209f6d" executionId="39737091-40c5-489a-ba01-e1b696ac4674" testListId="8c84fa94-04c1-424b-9868-57a2d4851a1d" />
    <TestEntry testId="8d5cb4c9-1908-d1ea-8325-85660a16f22e" executionId="d4524529-5fc7-413b-a61e-7649cdca5979" testListId="8c84fa94-04c1-424b-9868-57a2d4851a1d" />
    <TestEntry testId="4dd8b8dd-af6c-806e-2b02-8c47b6bb66ea" executionId="ce1a59f7-ab9b-4f4c-a122-057982178ee4" testListId="8c84fa94-04c1-424b-9868-57a2d4851a1d" />
    <TestEntry testId="09bbf058-3594-170d-75b9-26a200b676e0" executionId="0e4d0a94-15c9-4b29-b0d7-a643922ba659" testListId="8c84fa94-04c1-424b-9868-57a2d4851a1d" />
    <TestEntry testId="a3095d50-f9fd-84bc-103e-c04be02eeed8" executionId="4160b577-bc06-4456-9034-5b7d00d7063f" testListId="8c84fa94-04c1-424b-9868-57a2d4851a1d" />
    <TestEntry testId="1509a6cc-dc90-6c37-c68f-a49182e62d19" executionId="8f1bb788-0462-4f50-8eb9-f8d8992b2579" testListId="8c84fa94-04c1-424b-9868-57a2d4851a1d" />
    <TestEntry testId="67c7c389-f33c-a922-dd29-ffaba54db0d5" executionId="dea01830-519c-4c2b-b42f-d7f745bc1718" testListId="8c84fa94-04c1-424b-9868-57a2d4851a1d" />
    <TestEntry testId="fe7f4213-6705-c62b-23a3-04aa58dae149" executionId="76b41a9f-c39a-4c76-bbe7-020275a3a030" testListId="8c84fa94-04c1-424b-9868-57a2d4851a1d" />
    <TestEntry testId="b3fc30fc-9613-a193-27c2-59de97f0edf7" executionId="4cf896fc-bfee-4b1c-a9a7-c3617f568abb" testListId="8c84fa94-04c1-424b-9868-57a2d4851a1d" />
    <TestEntry testId="ff375d5d-ac37-785f-c9e5-a90a1d4866ed" executionId="899e08ac-0ad5-4964-a967-688b9318b741" testListId="8c84fa94-04c1-424b-9868-57a2d4851a1d" />
    <TestEntry testId="59023fbb-89f8-21cb-f638-497662643a4b" executionId="f91a9e81-aad1-4943-9809-4801ee3160d1" testListId="8c84fa94-04c1-424b-9868-57a2d4851a1d" />
    <TestEntry testId="a162293c-f1a0-0ded-e704-801f84be38ed" executionId="fdbaf8f3-7603-4d0c-b6a2-5dd1c966a365" testListId="8c84fa94-04c1-424b-9868-57a2d4851a1d" />
    <TestEntry testId="08442852-6880-4ba7-6b67-8449fccc4a4d" executionId="24249fa2-d689-4f0a-899e-f38a59984091" testListId="8c84fa94-04c1-424b-9868-57a2d4851a1d" />
    <TestEntry testId="0e603b29-5c08-6e3b-ca88-89c2e8b56572" executionId="a61c3ba1-7709-4a57-9f37-410272aecc33" testListId="8c84fa94-04c1-424b-9868-57a2d4851a1d" />
    <TestEntry testId="d9cf1655-0321-53de-83d2-8c4d9aa72477" executionId="93473279-e6fc-44ad-983c-f8fdec4e3885" testListId="8c84fa94-04c1-424b-9868-57a2d4851a1d" />
    <TestEntry testId="f9bcc516-852d-0148-d0a5-84e549326959" executionId="65236665-4312-4877-8af8-c7c12042835c" testListId="8c84fa94-04c1-424b-9868-57a2d4851a1d" />
    <TestEntry testId="7f8b67dc-2a5e-4a93-df2a-07dc5a4bd1f2" executionId="d011c0ae-722d-47f5-adf0-4b1e69dda1b3" testListId="8c84fa94-04c1-424b-9868-57a2d4851a1d" />
    <TestEntry testId="ef2a0b86-0a40-e7d0-7dcd-190f14a0210e" executionId="1d98d330-eb43-4175-a5c6-bf004e315c2d" testListId="8c84fa94-04c1-424b-9868-57a2d4851a1d" />
    <TestEntry testId="88ea5fd8-3c6e-b5fe-a70a-12aaad220fd3" executionId="3a36659d-52f3-4e99-bbcb-89d41231c8ce" testListId="8c84fa94-04c1-424b-9868-57a2d4851a1d" />
    <TestEntry testId="891a7350-680b-4407-4278-d7e759d545e6" executionId="b283a96b-ef1d-42bd-bfcb-f49b74301c94" testListId="8c84fa94-04c1-424b-9868-57a2d4851a1d" />
    <TestEntry testId="cdd60095-7efc-c45d-a590-7eea3d4f59c0" executionId="0e95e6bd-d067-4f7a-b0e4-ade6ad9a1911" testListId="8c84fa94-04c1-424b-9868-57a2d4851a1d" />
    <TestEntry testId="d30d6850-9585-ae6a-566b-9d5ccf10666e" executionId="91c8530b-c1e6-428e-a3fc-4e2cacfa1f7f" testListId="8c84fa94-04c1-424b-9868-57a2d4851a1d" />
    <TestEntry testId="f864fb03-ed4a-456a-e05a-556a341884d2" executionId="8e230d04-ce17-46aa-b5bd-bac0864ec5ed" testListId="8c84fa94-04c1-424b-9868-57a2d4851a1d" />
    <TestEntry testId="91659ac0-9abb-3a82-4408-759db9d29da1" executionId="f7e8c8b0-02b6-4b39-bc8a-19557abe23dd" testListId="8c84fa94-04c1-424b-9868-57a2d4851a1d" />
    <TestEntry testId="6694b646-0d04-5205-5043-edde6bdb066b" executionId="0c56733b-35e4-4b53-9513-b6cfd617a31d" testListId="8c84fa94-04c1-424b-9868-57a2d4851a1d" />
    <TestEntry testId="6a5d633c-90b8-8029-efa4-9fc1fd2f5be6" executionId="b40387b2-7e24-4342-a744-65815e7dba48" testListId="8c84fa94-04c1-424b-9868-57a2d4851a1d" />
    <TestEntry testId="a681767f-6199-63a1-56a1-81bfc9927fab" executionId="df87e669-0f6d-4e37-8bdb-630c1fc34619" testListId="8c84fa94-04c1-424b-9868-57a2d4851a1d" />
    <TestEntry testId="1ca4d2b3-1e17-32c4-8bd4-1220334c1b49" executionId="a2bc6b9a-b8e6-4c1b-934b-3a99c56a1678" testListId="8c84fa94-04c1-424b-9868-57a2d4851a1d" />
    <TestEntry testId="2ae14b57-abb5-da83-0eb5-f776e26c3702" executionId="0ed0083e-bbaf-4fbe-b262-1d7c45777be1" testListId="8c84fa94-04c1-424b-9868-57a2d4851a1d" />
    <TestEntry testId="355510ec-f515-5e0f-22f7-3d25791f54e6" executionId="fef84053-7732-4638-aebc-ae0a1257bc2b" testListId="8c84fa94-04c1-424b-9868-57a2d4851a1d" />
    <TestEntry testId="555c67e9-d02e-09a4-6df4-76263238ec49" executionId="89436a0c-5b91-4482-b6e7-e26ddca8d1c2" testListId="8c84fa94-04c1-424b-9868-57a2d4851a1d" />
    <TestEntry testId="c6af9f6d-6af2-8eb7-2e79-ff44d1871b38" executionId="1eeda290-f920-4d68-837c-9772e7695beb" testListId="8c84fa94-04c1-424b-9868-57a2d4851a1d" />
    <TestEntry testId="8f356753-4ef2-e889-7c70-0286bbb1c3ee" executionId="f74497e0-6be2-479e-b65a-a515cac17122" testListId="8c84fa94-04c1-424b-9868-57a2d4851a1d" />
    <TestEntry testId="df15297a-202a-c84a-9cbf-e8df8923d424" executionId="e19289c8-ab2a-448a-9329-01adce9c7168" testListId="8c84fa94-04c1-424b-9868-57a2d4851a1d" />
    <TestEntry testId="72830ef2-4b69-6e15-45fb-cf36ef132437" executionId="2b5d9665-f1d1-4718-96e4-5b34fbcaf9c6" testListId="8c84fa94-04c1-424b-9868-57a2d4851a1d" />
    <TestEntry testId="61948f0e-008f-a15a-d89c-ce974080677c" executionId="91f1bdb6-8908-4b78-a521-c505ec28def3" testListId="8c84fa94-04c1-424b-9868-57a2d4851a1d" />
    <TestEntry testId="cf7b8002-e001-df1d-22de-51e1254d6248" executionId="c3125e68-f7bf-43f8-bd43-bbf3869a08e5" testListId="8c84fa94-04c1-424b-9868-57a2d4851a1d" />
    <TestEntry testId="74c154c3-43bb-1c0c-246a-b1b7f745f392" executionId="451bfe76-24b8-477e-906c-1a597507a5d2" testListId="8c84fa94-04c1-424b-9868-57a2d4851a1d" />
    <TestEntry testId="c865b6a4-d65a-3632-fd39-2d2273756d55" executionId="fd060132-d262-491e-8fd1-14e1a5ff3f0b" testListId="8c84fa94-04c1-424b-9868-57a2d4851a1d" />
    <TestEntry testId="bb0b25cf-f6c1-0490-81a4-d0e6cd718937" executionId="3177786a-23da-485b-9e5a-68ba2b00947b" testListId="8c84fa94-04c1-424b-9868-57a2d4851a1d" />
    <TestEntry testId="f35c6955-9601-e1da-3266-ab2dc32dd921" executionId="3747a900-b7c8-47f9-bda2-c5bed16e539e" testListId="8c84fa94-04c1-424b-9868-57a2d4851a1d" />
    <TestEntry testId="2be41c08-0939-19df-b854-88c9d8ecc3ec" executionId="2a71c2c7-c00c-48f3-9a85-b97e003abdbf" testListId="8c84fa94-04c1-424b-9868-57a2d4851a1d" />
    <TestEntry testId="59e5d552-c465-2481-4cee-0330f8fa874f" executionId="f32e8fae-0eef-4dba-a08c-58f59590c84a" testListId="8c84fa94-04c1-424b-9868-57a2d4851a1d" />
    <TestEntry testId="6a3668c6-b828-0ae1-a362-b65b4ac9e83a" executionId="91b525c8-07c5-4e41-a7ab-a8b5cfea88ab" testListId="8c84fa94-04c1-424b-9868-57a2d4851a1d" />
    <TestEntry testId="f51e8c5f-718e-79ef-4e2b-3f8e987b7da5" executionId="e77760c6-be53-42c4-b19d-a654a6e6dfdf" testListId="8c84fa94-04c1-424b-9868-57a2d4851a1d" />
    <TestEntry testId="d3fa71c0-79a7-214b-b51f-79492c9f566c" executionId="e44f72fc-d5b6-4f97-86ed-834c37582c28" testListId="8c84fa94-04c1-424b-9868-57a2d4851a1d" />
    <TestEntry testId="7465c872-1ae1-dc87-836e-96f0549673f9" executionId="16a5c503-33fb-4962-b2a9-b37d0b1f0cab" testListId="8c84fa94-04c1-424b-9868-57a2d4851a1d" />
  </TestEntries>
  <TestLists>
    <TestList name="Results Not in a List" id="8c84fa94-04c1-424b-9868-57a2d4851a1d" />
    <TestList name="All Loaded Results" id="19431567-8539-422a-85d7-44ee4e166bda" />
  </TestLists>
  <ResultSummary outcome="Completed">
    <Counters total="327" executed="327" passed="327" failed="0" error="0" timeout="0" aborted="0" inconclusive="0" passedButRunAborted="0" notRunnable="0" notExecuted="0" disconnected="0" warning="0" completed="0" inProgress="0" pending="0" />
    <Output>
      <StdOut>[xUnit.net 00:00:00.00] xUnit.net VSTest Adapter v3.1.5+1b188a7b0a (64-bit .NET 10.0.0)
[xUnit.net 00:00:00.29]   Discovering: Cupertino.Avalonia.Tests
[xUnit.net 00:00:00.46]   Discovered:  Cupertino.Avalonia.Tests
[xUnit.net 00:00:00.60]   Starting:    Cupertino.Avalonia.Tests
[xUnit.net 00:00:11.08]   Finished:    Cupertino.Avalonia.Tests (ID = 'ef2502a29c8d4dd2d3385e662eeec9d450e3557df62fdc4e81716ec6ebbe0922')
</StdOut>
    </Output>
  </ResultSummary>
</TestRun>